<?xml version="1.0" encoding="UTF-8"?><collection xmlns="http://www.loc.gov/MARC21/slim"><record><leader>04318nam a2200000uu 4500</leader><controlfield tag="001">80000312</controlfield><controlfield tag="003">DE-Frei129</controlfield><controlfield tag="005">20220811084009.0</controlfield><controlfield tag="007">tu</controlfield><controlfield tag="008">100407s2010    ||||||||||||||||||||ger||</controlfield><datafield tag="015" ind1=" " ind2=" "><subfield code="a">10,A09</subfield></datafield><datafield tag="016" ind1="7" ind2=" "><subfield code="a">993892884</subfield><subfield code="2">DE-101</subfield></datafield><datafield tag="020" ind1=" " ind2=" "><subfield code="a">9783492254441</subfield><subfield code="9">9783492254441</subfield><subfield code="c">kart. : EUR 9.95 (DE), EUR 10.30 (AT), sfr 16.90 (freier Pr.)</subfield></datafield><datafield tag="024" ind1="3" ind2=" "><subfield code="a">9783492254441</subfield></datafield><datafield tag="035" ind1=" " ind2=" "><subfield code="a">(DE-576)1602419779</subfield></datafield><datafield tag="041" ind1=" " ind2=" "><subfield code="a">ger</subfield></datafield><datafield tag="044" ind1=" " ind2=" "><subfield code="c">XA-DE-BY</subfield><subfield code="c">XA-CH</subfield></datafield><datafield tag="100" ind1="1" ind2=" "><subfield code="a">Wickert, Ulrich</subfield><subfield code="0">(DE-Frei129)00059583</subfield><subfield code="0">(DE-588)11911447X</subfield><subfield code="4">aut</subfield></datafield><datafield tag="245" ind1="1" ind2="4"><subfield code="a">Der Ehrliche ist der Dumme</subfield><subfield code="b">über den Verlust der Werte</subfield><subfield code="c">Ulrich Wickert</subfield></datafield><datafield tag="250" ind1=" " ind2=" "><subfield code="a">Ungekürzte Taschenbuchausg.</subfield></datafield><datafield tag="260" ind1="3" ind2=" "><subfield code="a">München ; Zürich</subfield><subfield code="b">Piper</subfield><subfield code="c">2010</subfield></datafield><datafield tag="300" ind1=" " ind2=" "><subfield code="a">272 Seiten</subfield><subfield code="c">19 cm</subfield></datafield><datafield tag="490" ind1="0" ind2=" "><subfield code="a">Piper </subfield><subfield code="v">5444</subfield></datafield><datafield tag="500" ind1=" " ind2=" "><subfield code="a">Literaturangaben</subfield></datafield><datafield tag="650" ind1=" " ind2="7"><subfield code="a">Germany</subfield><subfield code="0">(DE-Frei129)00220613</subfield><subfield code="2">local</subfield></datafield><datafield tag="650" ind1=" " ind2="7"><subfield code="a">Social values</subfield><subfield code="0">(DE-Frei129)00240037</subfield><subfield code="2">local</subfield></datafield><datafield tag="650" ind1=" " ind2="7"><subfield code="a">Social ethics</subfield><subfield code="0">(DE-Frei129)00245188</subfield><subfield code="2">local</subfield></datafield><datafield tag="650" ind1=" " ind2="7"><subfield code="a">Wertwandel</subfield><subfield code="0">(DE-Frei129)00037817</subfield><subfield code="0">(DE-588)4117636-4</subfield><subfield code="2">gnd</subfield></datafield><datafield tag="651" ind1=" " ind2="7"><subfield code="a">Deutschland</subfield><subfield code="0">(DE-Frei129)00005806</subfield><subfield code="0">(DE-588)4011882-4</subfield><subfield code="2">gnd</subfield></datafield><datafield tag="689" ind1="0" ind2="0"><subfield code="0">(DE-588)4011882-4</subfield><subfield code="D">g</subfield><subfield code="a">Deutschland </subfield></datafield><datafield tag="689" ind1="0" ind2="1"><subfield code="0">(DE-588)4117636-4</subfield><subfield code="D">s</subfield><subfield code="a">Wertwandel</subfield><subfield code="5">DE-101</subfield></datafield><datafield tag="852" ind1=" " ind2=" "><subfield code="a">Frei 129</subfield><subfield code="b">PHFR</subfield><subfield code="c">CC 7250 W636</subfield></datafield><datafield tag="856" ind1="4" ind2=" "><subfield code="8">00</subfield><subfield code="u">http://d-nb.info/993892884/04</subfield><subfield code="y">Inhaltsverzeichnis</subfield></datafield><datafield tag="980" ind1="0" ind2=" "><subfield code="a">00210677</subfield><subfield code="9">(PHFR)</subfield><subfield code="b">UG (33)</subfield><subfield code="c">Pol E 180: 102</subfield><subfield code="d">Standardleihe (01)</subfield><subfield code="e">Verfügbar (X)</subfield></datafield></record>
<record><leader>05118nam a2200000uu 4500</leader><controlfield tag="001">60541794</controlfield><controlfield tag="003">DE-Frei129</controlfield><controlfield tag="005">20220811084009.0</controlfield><controlfield tag="007">tu</controlfield><controlfield tag="008">100603s2010    ||||||||||||||||||||eng||</controlfield><datafield tag="020" ind1=" " ind2=" "><subfield code="a">9781412813419</subfield><subfield code="9">9781412813419</subfield><subfield code="c">(pbk.) £25.50</subfield></datafield><datafield tag="020" ind1=" " ind2=" "><subfield code="a">9781412813419</subfield><subfield code="9">9781412813419</subfield></datafield><datafield tag="020" ind1=" " ind2=" "><subfield code="a">1412813417</subfield><subfield code="9">1412813417</subfield><subfield code="c">(pbk.) £25.50</subfield></datafield><datafield tag="024" ind1="3" ind2=" "><subfield code="a">9781412813419</subfield></datafield><datafield tag="035" ind1=" " ind2=" "><subfield code="a">(DE-576)1603310711</subfield></datafield><datafield tag="041" ind1=" " ind2=" "><subfield code="a">eng</subfield></datafield><datafield tag="245" ind1="1" ind2="0"><subfield code="a">Moral dilemmas and ethical reasoning</subfield><subfield code="c">Carol Gibb Harding, ed.</subfield></datafield><datafield tag="250" ind1=" " ind2=" "><subfield code="a">1. Transaction paperback print.</subfield></datafield><datafield tag="260" ind1="3" ind2=" "><subfield code="a">New Brunswick (U.S.A.) [u.a.]</subfield><subfield code="b">Transaction Publ.</subfield><subfield code="c">2010</subfield></datafield><datafield tag="300" ind1=" " ind2=" "><subfield code="a">XV, 198 Seiten</subfield><subfield code="b">graph. Darst.</subfield></datafield><datafield tag="500" ind1=" " ind2=" "><subfield code="a">Includes bibliographical references and index</subfield></datafield><datafield tag="500" ind1=" " ind2=" "><subfield code="a">Archivierung prüfen</subfield></datafield><datafield tag="650" ind1=" " ind2="7"><subfield code="a">Ethik</subfield><subfield code="0">(DE-Frei129)00003966</subfield><subfield code="0">(DE-588)4015602-3</subfield><subfield code="2">gnd</subfield></datafield><datafield tag="650" ind1=" " ind2="7"><subfield code="a">Moralische Entwicklung</subfield><subfield code="0">(DE-Frei129)00063414</subfield><subfield code="0">(DE-588)4170537-3</subfield><subfield code="2">gnd</subfield></datafield><datafield tag="650" ind1=" " ind2="7"><subfield code="a">Philosophie</subfield><subfield code="0">(DE-Frei129)00000763</subfield><subfield code="0">(DE-588)4045791-6</subfield><subfield code="2">gnd</subfield></datafield><datafield tag="650" ind1=" " ind2="7"><subfield code="a">Psychologie</subfield><subfield code="0">(DE-Frei129)00001360</subfield><subfield code="0">(DE-588)4047704-6</subfield><subfield code="2">gnd</subfield></datafield><datafield tag="650" ind1=" " ind2="7"><subfield code="a">Ethics</subfield><subfield code="0">(DE-Frei129)00238331</subfield><subfield code="2">local</subfield></datafield><datafield tag="650" ind1=" " ind2="7"><subfield code="a">Moral development</subfield><subfield code="0">(DE-Frei129)00243650</subfield><subfield code="2">local</subfield></datafield><datafield tag="689" ind1="0" ind2="0"><subfield code="0">(DE-588)4015602-3</subfield><subfield code="D">s</subfield><subfield code="a">Ethik </subfield></datafield><datafield tag="689" ind1="0" ind2="1"><subfield code="0">(DE-588)4170537-3</subfield><subfield code="D">s</subfield><subfield code="a">Moralische Entwicklung </subfield></datafield><datafield tag="689" ind1="0" ind2="2"><subfield code="0">(DE-588)4045791-6</subfield><subfield code="D">s</subfield><subfield code="a">Philosophie </subfield></datafield><datafield tag="689" ind1="0" ind2="3"><subfield code="0">(DE-588)4047704-6</subfield><subfield code="D">s</subfield><subfield code="a">Psychologie</subfield><subfield code="5">DE-101</subfield></datafield><datafield tag="689" ind1="1" ind2="0"><subfield code="A">s</subfield><subfield code="a">Ethics</subfield><subfield code="5">DE-101</subfield></datafield><datafield tag="689" ind1="2" ind2="0"><subfield code="A">s</subfield><subfield code="a">Moral development</subfield><subfield code="5">DE-101</subfield></datafield><datafield tag="700" ind1="1" ind2=" "><subfield code="0">(DE-Frei129)58905602</subfield><subfield code="a">Harding, Carol Gibb</subfield><subfield code="4">Hrsg.</subfield></datafield><datafield tag="852" ind1=" " ind2=" "><subfield code="a">Frei 129</subfield><subfield code="b">PHFR</subfield><subfield code="c">CC 7250 H263</subfield></datafield><datafield tag="856" ind1="4" ind2=" "><subfield code="8">00</subfield><subfield code="u">http://swbplus.bsz-bw.de/bsz323881041inh.htm</subfield><subfield code="y">Inhaltsverzeichnis</subfield></datafield><datafield tag="980" ind1="0" ind2=" "><subfield code="a">00492495</subfield><subfield code="9">(PHFR)</subfield><subfield code="b">EG-Anbau (32)</subfield><subfield code="c">CC 7250 H263</subfield><subfield code="d">Standardleihe (01)</subfield><subfield code="e">ausgeliehen (A) - Fälligkeitsdatum: 06.09.2022</subfield></datafield></record>
<record><leader>06137nam a2200000uu 4500</leader><controlfield tag="001">60540992</controlfield><controlfield tag="003">DE-Frei129</controlfield><controlfield tag="005">20220811084009.0</controlfield><controlfield tag="007">tu</controlfield><controlfield tag="008">111007s2010    ||||||||||||||||||||eng||</controlfield><datafield tag="020" ind1=" " ind2=" "><subfield code="a">9780521622066</subfield><subfield code="9">9780521622066</subfield><subfield code="c">hbk.</subfield></datafield><datafield tag="020" ind1=" " ind2=" "><subfield code="a">9780521627320</subfield><subfield code="9">9780521627320</subfield><subfield code="c">pbk. : £22.99</subfield></datafield><datafield tag="035" ind1=" " ind2=" "><subfield code="a">(DE-576)669460214</subfield></datafield><datafield tag="041" ind1=" " ind2=" "><subfield code="a">eng</subfield></datafield><datafield tag="044" ind1=" " ind2=" "><subfield code="c">XA-GB</subfield><subfield code="c">XD-US</subfield><subfield code="c">XE-AU</subfield></datafield><datafield tag="100" ind1="1" ind2=" "><subfield code="a">DeNora, Tia</subfield><subfield code="0">(DE-Frei129)00550163</subfield><subfield code="0">(DE-588)115576339</subfield></datafield><datafield tag="245" ind1="1" ind2="0"><subfield code="a">Music in everyday life</subfield><subfield code="c">Tia DeNora</subfield></datafield><datafield tag="250" ind1=" " ind2=" "><subfield code="a">9. print.</subfield></datafield><datafield tag="260" ind1="3" ind2=" "><subfield code="a">Cambridge [u.a.]</subfield><subfield code="b">Cambridge University Press</subfield><subfield code="c">2010</subfield></datafield><datafield tag="300" ind1=" " ind2=" "><subfield code="a">XIII, 181 Seiten</subfield><subfield code="b">graph. Darst., Notenbeisp.</subfield><subfield code="c">24 cm</subfield></datafield><datafield tag="500" ind1=" " ind2=" "><subfield code="a">Bibliogr.S. 164 - 176</subfield></datafield><datafield tag="500" ind1=" " ind2=" "><subfield code="a">IMD-Felder maschinell generiert (GBV)</subfield></datafield><datafield tag="500" ind1=" " ind2=" "><subfield code="a">Archivierung prüfen</subfield></datafield><datafield tag="650" ind1=" " ind2="7"><subfield code="a">Music</subfield><subfield code="0">(DE-Frei129)00242080</subfield><subfield code="2">local</subfield></datafield><datafield tag="650" ind1=" " ind2="7"><subfield code="a">Social aspects</subfield><subfield code="0">(DE-Frei129)00220793</subfield><subfield code="2">local</subfield></datafield><datafield tag="650" ind1=" " ind2="7"><subfield code="a">Psychological aspects</subfield><subfield code="0">(DE-Frei129)00228295</subfield><subfield code="2">local</subfield></datafield><datafield tag="650" ind1=" " ind2="7"><subfield code="a">Musik</subfield><subfield code="0">(DE-Frei129)00006756</subfield><subfield code="0">(DE-588)4040802-4</subfield><subfield code="2">gnd</subfield></datafield><datafield tag="650" ind1=" " ind2="7"><subfield code="a">Soziologie</subfield><subfield code="0">(DE-Frei129)00006868</subfield><subfield code="0">(DE-588)4077624-4</subfield><subfield code="2">gnd</subfield></datafield><datafield tag="650" ind1=" " ind2="7"><subfield code="a">Psychologie</subfield><subfield code="0">(DE-Frei129)00001360</subfield><subfield code="0">(DE-588)4047704-6</subfield><subfield code="2">gnd</subfield></datafield><datafield tag="650" ind1=" " ind2="7"><subfield code="a">Alltag</subfield><subfield code="0">(DE-Frei129)00001097</subfield><subfield code="0">(DE-588)4001307-8</subfield><subfield code="2">gnd</subfield></datafield><datafield tag="650" ind1=" " ind2="7"><subfield code="a">Soziale Funktion</subfield><subfield code="0">(DE-Frei129)00081440</subfield><subfield code="0">(DE-588)4289518-2</subfield><subfield code="2">gnd</subfield></datafield><datafield tag="689" ind1="0" ind2="0"><subfield code="A">s</subfield><subfield code="a">Music </subfield></datafield><datafield tag="689" ind1="0" ind2="1"><subfield code="A">s</subfield><subfield code="a">Social aspects</subfield><subfield code="5">DE-101</subfield></datafield><datafield tag="689" ind1="1" ind2="0"><subfield code="A">s</subfield><subfield code="a">Music </subfield></datafield><datafield tag="689" ind1="1" ind2="1"><subfield code="A">s</subfield><subfield code="a">Psychological aspects</subfield><subfield code="5">DE-101</subfield></datafield><datafield tag="689" ind1="2" ind2="0"><subfield code="0">(DE-588)4040802-4</subfield><subfield code="D">s</subfield><subfield code="a">Musik </subfield></datafield><datafield tag="689" ind1="2" ind2="1"><subfield code="0">(DE-588)4077624-4</subfield><subfield code="D">s</subfield><subfield code="a">Soziologie </subfield></datafield><datafield tag="689" ind1="2" ind2="2"><subfield code="0">(DE-588)4047704-6</subfield><subfield code="D">s</subfield><subfield code="a">Psychologie</subfield><subfield code="5">DE-101</subfield></datafield><datafield tag="689" ind1="3" ind2="0"><subfield code="0">(DE-588)4040802-4</subfield><subfield code="D">s</subfield><subfield code="a">Musik </subfield></datafield><datafield tag="689" ind1="3" ind2="1"><subfield code="0">(DE-588)4001307-8</subfield><subfield code="D">s</subfield><subfield code="a">Alltag </subfield></datafield><datafield tag="689" ind1="3" ind2="2"><subfield code="0">(DE-588)4289518-2</subfield><subfield code="D">s</subfield><subfield code="a">Soziale Funktion</subfield><subfield code="5">DE-101</subfield></datafield><datafield tag="852" ind1=" " ind2=" "><subfield code="a">Frei 129</subfield><subfield code="b">PHFR</subfield><subfield code="c">LR 56600 D413</subfield></datafield><datafield tag="856" ind1="4" ind2=" "><subfield code="8">00</subfield><subfield code="u">http://www.gbv.de/dms/bowker/toc/9780521622066.pdf</subfield><subfield code="y">Inhaltsverzeichnis</subfield></datafield><datafield tag="980" ind1="0" ind2=" "><subfield code="a">00492447</subfield><subfield code="9">(PHFR)</subfield><subfield code="b">3.OG (37)</subfield><subfield code="c">LR 56600 D413</subfield><subfield code="d">Standardleihe (01)</subfield><subfield code="e">ausgeliehen (A) - Fälligkeitsdatum: 06.09.2022</subfield></datafield></record>
<record><leader>04381nam a2200000uu 4500</leader><controlfield tag="001">60391795</controlfield><controlfield tag="003">DE-Frei129</controlfield><controlfield tag="005">20220811084009.0</controlfield><controlfield tag="007">tu</controlfield><controlfield tag="008">200330s2010    ||||||||||||||||||||ger||</controlfield><datafield tag="020" ind1=" " ind2=" "><subfield code="a">9783466308477</subfield><subfield code="9">9783466308477</subfield></datafield><datafield tag="035" ind1=" " ind2=" "><subfield code="a">(DE-576)169348725X</subfield></datafield><datafield tag="040" ind1=" " ind2=" "><subfield code="e">rda</subfield></datafield><datafield tag="041" ind1=" " ind2=" "><subfield code="a">ger</subfield></datafield><datafield tag="044" ind1=" " ind2=" "><subfield code="c">XA-DE-BY</subfield></datafield><datafield tag="100" ind1="1" ind2=" "><subfield code="a">Lehrhaupt, Linda Myoki</subfield><subfield code="0">(DE-Frei129)58598682</subfield><subfield code="0">(DE-588)122874978</subfield></datafield><datafield tag="245" ind1="1" ind2="0"><subfield code="a">Stress bewältigen mit Achtsamkeit</subfield><subfield code="b">zu innerer Ruhe kommen durch MBSR* - *Mindfulness-Based Stress Reduction</subfield><subfield code="c">Linda Lehrhaupt ; Petra Meibert</subfield></datafield><datafield tag="250" ind1=" " ind2=" "><subfield code="a">8. aktualisierte und überarbeitete Auflage</subfield></datafield><datafield tag="264" ind1=" " ind2="4"><subfield code="a">München</subfield><subfield code="b">Kösel</subfield><subfield code="c">2010</subfield></datafield><datafield tag="300" ind1=" " ind2=" "><subfield code="a">159 Seiten</subfield></datafield><datafield tag="336" ind1=" " ind2=" "><subfield code="a">text</subfield><subfield code="b">txt</subfield><subfield code="2">rdacontent</subfield></datafield><datafield tag="337" ind1=" " ind2=" "><subfield code="a">unmediated</subfield><subfield code="b">n</subfield><subfield code="2">rdamedia</subfield></datafield><datafield tag="338" ind1=" " ind2=" "><subfield code="a">volume</subfield><subfield code="b">nc</subfield><subfield code="2">rdacarrier</subfield></datafield><datafield tag="500" ind1=" " ind2=" "><subfield code="a">Literaturverzeichnis: Seite 147 - 148</subfield></datafield><datafield tag="500" ind1=" " ind2=" "><subfield code="a">Archivierung prüfen</subfield></datafield><datafield tag="650" ind1=" " ind2="7"><subfield code="a">Stressbewältigung</subfield><subfield code="0">(DE-Frei129)00074283</subfield><subfield code="0">(DE-588)4202646-5</subfield><subfield code="2">gnd</subfield></datafield><datafield tag="650" ind1=" " ind2="7"><subfield code="a">Achtsamkeit</subfield><subfield code="0">(DE-Frei129)00088375</subfield><subfield code="0">(DE-588)4297929-8</subfield><subfield code="2">gnd</subfield></datafield><datafield tag="650" ind1=" " ind2="7"><subfield code="a">Achtsamkeitsbasierte Stressreduktion</subfield><subfield code="0">(DE-Frei129)01385439</subfield><subfield code="0">(DE-588)1037948017</subfield><subfield code="2">gnd</subfield></datafield><datafield tag="689" ind1="0" ind2="0"><subfield code="0">(DE-588)4202646-5</subfield><subfield code="D">s</subfield><subfield code="a">Stressbewältigung </subfield></datafield><datafield tag="689" ind1="0" ind2="1"><subfield code="0">(DE-588)4297929-8</subfield><subfield code="D">s</subfield><subfield code="a">Achtsamkeit</subfield><subfield code="5">DE-101</subfield></datafield><datafield tag="689" ind1="1" ind2="0"><subfield code="0">(DE-588)1037948017</subfield><subfield code="D">s</subfield><subfield code="a">Achtsamkeitsbasierte Stressreduktion</subfield><subfield code="5">DE-101</subfield></datafield><datafield tag="700" ind1="1" ind2=" "><subfield code="0">(DE-588)141357193</subfield><subfield code="0">(DE-Frei129)00582536</subfield><subfield code="a">Meibert, Petra</subfield><subfield code="4">aut</subfield></datafield><datafield tag="852" ind1=" " ind2=" "><subfield code="a">Frei 129</subfield><subfield code="b">PHFR</subfield><subfield code="c">Psy B 50: 108</subfield></datafield><datafield tag="980" ind1="0" ind2=" "><subfield code="a">00486775</subfield><subfield code="9">(PHFR)</subfield><subfield code="b">EG-Anbau (32)</subfield><subfield code="c">Psy B 50: 108 a</subfield><subfield code="d">Standardleihe (01)</subfield><subfield code="e">Verfügbar (X)</subfield></datafield></record>
<record><leader>03314nam a2200000uu 4500</leader><controlfield tag="001">60376862</controlfield><controlfield tag="003">DE-Frei129</controlfield><controlfield tag="005">20220811084009.0</controlfield><controlfield tag="007">tu</controlfield><controlfield tag="008">140212s2010    ||||||||||||||||||||fre||</controlfield><datafield tag="020" ind1=" " ind2=" "><subfield code="a">9782815100496</subfield><subfield code="9">9782815100496</subfield></datafield><datafield tag="035" ind1=" " ind2=" "><subfield code="a">(DE-576)1607377551</subfield></datafield><datafield tag="041" ind1=" " ind2=" "><subfield code="a">fre</subfield></datafield><datafield tag="044" ind1=" " ind2=" "><subfield code="c">XA-FR</subfield></datafield><datafield tag="100" ind1="1" ind2=" "><subfield code="a">Pivard, Gilles</subfield><subfield code="0">(DE-Frei129)58827222</subfield></datafield><datafield tag="245" ind1="1" ind2="0"><subfield code="a">La  tapisserie de Bayeux</subfield><subfield code="b">en bande dessinée</subfield><subfield code="c">Gilles Pivard, Arthur Shelton</subfield></datafield><datafield tag="246" ind1="1" ind2="0"><subfield code="a">The  Bayeux tapestry</subfield></datafield><datafield tag="246" ind1="1" ind2="0"><subfield code="a">The  Bayeux tapestry</subfield></datafield><datafield tag="260" ind1="3" ind2=" "><subfield code="a">Cully</subfield><subfield code="a">impr. en CE</subfield><subfield code="b">OREP éd</subfield><subfield code="c">DL 2010</subfield></datafield><datafield tag="300" ind1=" " ind2=" "><subfield code="a">48 Seiten</subfield><subfield code="b">graph. Darst.</subfield><subfield code="c">30 cm</subfield></datafield><datafield tag="500" ind1=" " ind2=" "><subfield code="a">La couv. porte en plus : &quot;la 1ère BD du Moyen âge</subfield></datafield><datafield tag="500" ind1=" " ind2=" "><subfield code="a">Archivierung prüfen</subfield></datafield><datafield tag="650" ind1=" " ind2="7"><subfield code="a">Tapisserie de Bayeux</subfield><subfield code="0">(DE-Frei129)15024950</subfield><subfield code="2">local</subfield></datafield><datafield tag="650" ind1=" " ind2="7"><subfield code="a">Hastings, Bataille d&apos; (1066) Bandes dessinées</subfield><subfield code="0">(DE-Frei129)15024951</subfield><subfield code="2">local</subfield></datafield><datafield tag="689" ind1="0" ind2="0"><subfield code="A">s</subfield><subfield code="a">Tapisserie de Bayeux</subfield><subfield code="5">DE-101</subfield></datafield><datafield tag="689" ind1="1" ind2="0"><subfield code="A">s</subfield><subfield code="a">Hastings, Bataille d&apos; (1066) Bandes dessinées</subfield><subfield code="5">DE-101</subfield></datafield><datafield tag="700" ind1="1" ind2=" "><subfield code="0">(DE-Frei129)58827224</subfield><subfield code="a">Shelton, Arthur</subfield><subfield code="4">aut</subfield></datafield><datafield tag="852" ind1=" " ind2=" "><subfield code="a">Frei 129</subfield><subfield code="b">PHFR</subfield><subfield code="c">ED 4120 P693</subfield></datafield><datafield tag="980" ind1="0" ind2=" "><subfield code="a">00486417</subfield><subfield code="9">(PHFR)</subfield><subfield code="b">2.OG (35)</subfield><subfield code="c">ED 4120 P693</subfield><subfield code="d">Standardleihe (01)</subfield><subfield code="e">Verfügbar (X)</subfield></datafield></record>
<record><leader>05249nam a2200000uu 4500</leader><controlfield tag="001">60376821</controlfield><controlfield tag="003">DE-Frei129</controlfield><controlfield tag="005">20220811084009.0</controlfield><controlfield tag="007">tu</controlfield><controlfield tag="008">210511s2010    ||||||||||||||||||||fre||</controlfield><datafield tag="020" ind1=" " ind2=" "><subfield code="a">9782815100519</subfield><subfield code="9">9782815100519</subfield><subfield code="c">br</subfield></datafield><datafield tag="020" ind1=" " ind2=" "><subfield code="a">2815100517</subfield><subfield code="9">2815100517</subfield><subfield code="c">br</subfield></datafield><datafield tag="024" ind1="3" ind2=" "><subfield code="a">9782815100519</subfield></datafield><datafield tag="035" ind1=" " ind2=" "><subfield code="a">(DE-576)1757672168</subfield></datafield><datafield tag="041" ind1=" " ind2=" "><subfield code="a">fre</subfield></datafield><datafield tag="044" ind1=" " ind2=" "><subfield code="c">XA-FR</subfield></datafield><datafield tag="100" ind1="1" ind2=" "><subfield code="a">Ridel, Élisabeth</subfield><subfield code="0">(DE-Frei129)58832382</subfield><subfield code="0">(DE-588)13702701X</subfield></datafield><datafield tag="245" ind1="1" ind2="4"><subfield code="a">Les navires de la conquête</subfield><subfield code="b">construction navale et navigation en Normandie à l&apos;épque de Guillaume le Conquérant</subfield><subfield code="c">Elisabeth Ridel</subfield></datafield><datafield tag="260" ind1="3" ind2=" "><subfield code="a">Cully</subfield><subfield code="b">OREP éd</subfield><subfield code="c">DL 2010</subfield></datafield><datafield tag="300" ind1=" " ind2=" "><subfield code="a">63 p.</subfield><subfield code="b">ill. en noir et en coul., couv. ill. en coul</subfield><subfield code="c">24 cm</subfield></datafield><datafield tag="490" ind1="1" ind2=" "><subfield code="a">Héritages vikings </subfield><subfield code="v">1</subfield></datafield><datafield tag="500" ind1=" " ind2=" "><subfield code="a">Bibliogr. p. 63. Glossaire</subfield></datafield><datafield tag="500" ind1=" " ind2=" "><subfield code="a">Archivierung prüfen</subfield></datafield><datafield tag="650" ind1=" " ind2="7"><subfield code="a">Guillaume</subfield><subfield code="0">(DE-Frei129)00770077</subfield><subfield code="2">local</subfield></datafield><datafield tag="650" ind1=" " ind2="7"><subfield code="a">Navigation</subfield><subfield code="0">(DE-Frei129)00239297</subfield><subfield code="2">local</subfield></datafield><datafield tag="650" ind1=" " ind2="7"><subfield code="a">Construction navale</subfield><subfield code="0">(DE-Frei129)02358869</subfield><subfield code="2">local</subfield></datafield><datafield tag="650" ind1=" " ind2="7"><subfield code="a">Drakkars</subfield><subfield code="0">(DE-Frei129)15024992</subfield><subfield code="2">local</subfield></datafield><datafield tag="650" ind1=" " ind2="7"><subfield code="a">Histoire navale</subfield><subfield code="0">(DE-Frei129)14644075</subfield><subfield code="2">local</subfield></datafield><datafield tag="650" ind1=" " ind2="7"><subfield code="a">Grande-Bretagne</subfield><subfield code="0">(DE-Frei129)00497435</subfield><subfield code="2">local</subfield></datafield><datafield tag="650" ind1=" " ind2="7"><subfield code="a">Normandie (France)</subfield><subfield code="0">(DE-Frei129)15024993</subfield><subfield code="2">local</subfield></datafield><datafield tag="689" ind1="0" ind2="0"><subfield code="A">s</subfield><subfield code="a">Guillaume</subfield><subfield code="5">DE-101</subfield></datafield><datafield tag="689" ind1="1" ind2="0"><subfield code="A">s</subfield><subfield code="a">Navigation</subfield><subfield code="5">DE-101</subfield></datafield><datafield tag="689" ind1="2" ind2="0"><subfield code="A">s</subfield><subfield code="a">Construction navale</subfield><subfield code="5">DE-101</subfield></datafield><datafield tag="689" ind1="3" ind2="0"><subfield code="A">s</subfield><subfield code="a">Drakkars</subfield><subfield code="5">DE-101</subfield></datafield><datafield tag="689" ind1="4" ind2="0"><subfield code="A">s</subfield><subfield code="a">Histoire navale</subfield><subfield code="5">DE-101</subfield></datafield><datafield tag="689" ind1="5" ind2="0"><subfield code="A">s</subfield><subfield code="a">Grande-Bretagne</subfield><subfield code="5">DE-101</subfield></datafield><datafield tag="689" ind1="6" ind2="0"><subfield code="A">s</subfield><subfield code="a">Normandie (France)</subfield><subfield code="5">DE-101</subfield></datafield><datafield tag="830" ind1=" " ind2="0"><subfield code="a">Héritages vikings</subfield><subfield code="v">1</subfield><subfield code="w">(DE-Frei129)60388774</subfield><subfield code="9">11</subfield></datafield><datafield tag="852" ind1=" " ind2=" "><subfield code="a">Frei 129</subfield><subfield code="b">PHFR</subfield><subfield code="c">ED 5430 R544</subfield></datafield><datafield tag="980" ind1="0" ind2=" "><subfield code="a">00486412</subfield><subfield code="9">(PHFR)</subfield><subfield code="b">2.OG (35)</subfield><subfield code="c">ED 5430 R544</subfield><subfield code="d">Standardleihe (01)</subfield><subfield code="e">Verfügbar (X)</subfield></datafield></record>
<record><leader>04390ncm a2200000uuc4500</leader><controlfield tag="001">60121593</controlfield><controlfield tag="003">DE-Frei129</controlfield><controlfield tag="005">20220811084009.0</controlfield><controlfield tag="007">qu</controlfield><controlfield tag="008">200122s2010    ||||||||||||||||||||eng||</controlfield><datafield tag="015" ind1=" " ind2=" "><subfield code="a">20,N04</subfield></datafield><datafield tag="016" ind1="7" ind2=" "><subfield code="a">1202985858</subfield><subfield code="2">DE-101</subfield></datafield><datafield tag="020" ind1=" " ind2=" "><subfield code="a">9783795719098</subfield><subfield code="9">9783795719098</subfield><subfield code="c">: ((Rückendrahtheftung) : EUR 16.50 (DE), EUR 17.00 (AT))</subfield></datafield><datafield tag="020" ind1=" " ind2=" "><subfield code="a">3795719097</subfield><subfield code="9">3795719097</subfield></datafield><datafield tag="024" ind1="3" ind2=" "><subfield code="a">9783795719098</subfield></datafield><datafield tag="035" ind1=" " ind2=" "><subfield code="a">(DE-576)1688099743</subfield></datafield><datafield tag="040" ind1=" " ind2=" "><subfield code="e">rda</subfield></datafield><datafield tag="041" ind1=" " ind2=" "><subfield code="a">eng</subfield><subfield code="a">ger</subfield><subfield code="a">zxx</subfield></datafield><datafield tag="044" ind1=" " ind2=" "><subfield code="c">XA-DE-RP</subfield><subfield code="c">XA-GB</subfield><subfield code="c">XA-ES</subfield></datafield><datafield tag="245" ind1="1" ind2="0"><subfield code="a">Mini Maestro</subfield><subfield code="b">50 little piano pieces from baroque to modern music for concerts, lessons and exams</subfield><subfield code="n">Volume 3</subfield><subfield code="p">Easy to intermediate / Hans-Günter Heumann Herausgeber/in ; Selina Peterson Illustrator/in</subfield><subfield code="c">edited by Hans-Günter Heumann ; Cover  Illustration: Selina Peterson</subfield></datafield><datafield tag="246" ind1="1" ind2="1"><subfield code="a">Leicht bis mittelschwer</subfield></datafield><datafield tag="264" ind1=" " ind2="4"><subfield code="a">Mainz ; London ; Madrid ; Paris ; New York ; Tokyo ; Bejing</subfield><subfield code="b">Schott Music</subfield><subfield code="c">[2019]</subfield></datafield><datafield tag="264" ind1=" " ind2="4"><subfield code="c">© 2019</subfield></datafield><datafield tag="300" ind1=" " ind2=" "><subfield code="a">77 Seiten</subfield><subfield code="c">30.3 cm x 23.1 cm, 1 g</subfield></datafield><datafield tag="336" ind1=" " ind2=" "><subfield code="a">Printed music</subfield><subfield code="b">ntm</subfield><subfield code="2">rdacontent</subfield></datafield><datafield tag="337" ind1=" " ind2=" "><subfield code="a">unmediated</subfield><subfield code="b">n</subfield><subfield code="2">rdamedia</subfield></datafield><datafield tag="338" ind1=" " ind2=" "><subfield code="a">volume</subfield><subfield code="b">nc</subfield><subfield code="2">rdacarrier</subfield></datafield><datafield tag="500" ind1=" " ind2=" "><subfield code="a">Archivierung prüfen</subfield></datafield><datafield tag="500" ind1=" " ind2=" "><subfield code="a">DE-640 (1)</subfield></datafield><datafield tag="700" ind1="1" ind2=" "><subfield code="0">(DE-588)132990008</subfield><subfield code="0">(DE-Frei129)00120712</subfield><subfield code="a">Heumann, Hans-Günter</subfield><subfield code="4">Hrsg.</subfield></datafield><datafield tag="700" ind1="1" ind2=" "><subfield code="0">(DE-Frei129)58751664</subfield><subfield code="a">Peterson, Selina</subfield><subfield code="4">ill</subfield></datafield><datafield tag="773" ind1="0" ind2="8"><subfield code="w">(DE-Frei129)60121590</subfield><subfield code="q">13</subfield></datafield><datafield tag="852" ind1=" " ind2=" "><subfield code="a">Frei 129</subfield><subfield code="b">PHFR</subfield><subfield code="c">LT 11750 H592 -3</subfield></datafield><datafield tag="856" ind1="4" ind2=" "><subfield code="8">00</subfield><subfield code="u">https://de.schott-music.com/shop/331645</subfield><subfield code="y">Verlagslink</subfield></datafield><datafield tag="980" ind1="0" ind2=" "><subfield code="a">00483236</subfield><subfield code="9">(PHFR)</subfield><subfield code="b">3.OG (37)</subfield><subfield code="c">LT 11750 H592 -3</subfield><subfield code="d">Standardleihe (01)</subfield><subfield code="e">Verfügbar (X)</subfield></datafield></record>
<record><leader>04355ncm a2200000uuc4500</leader><controlfield tag="001">60121592</controlfield><controlfield tag="003">DE-Frei129</controlfield><controlfield tag="005">20220811084009.0</controlfield><controlfield tag="007">qu</controlfield><controlfield tag="008">200122s2010    ||||||||||||||||||||eng||</controlfield><datafield tag="015" ind1=" " ind2=" "><subfield code="a">20,N04</subfield></datafield><datafield tag="016" ind1="7" ind2=" "><subfield code="a">1202985432</subfield><subfield code="2">DE-101</subfield></datafield><datafield tag="020" ind1=" " ind2=" "><subfield code="a">9783795719074</subfield><subfield code="9">9783795719074</subfield><subfield code="c">: ((Rückendrahtheftung) : EUR 16.50 (DE), EUR 17.00 (AT))</subfield></datafield><datafield tag="020" ind1=" " ind2=" "><subfield code="a">3795719070</subfield><subfield code="9">3795719070</subfield></datafield><datafield tag="024" ind1="3" ind2=" "><subfield code="a">9783795719074</subfield></datafield><datafield tag="035" ind1=" " ind2=" "><subfield code="a">(DE-576)1688099379</subfield></datafield><datafield tag="040" ind1=" " ind2=" "><subfield code="e">rda</subfield></datafield><datafield tag="041" ind1=" " ind2=" "><subfield code="a">eng</subfield><subfield code="a">ger</subfield><subfield code="a">zxx</subfield></datafield><datafield tag="044" ind1=" " ind2=" "><subfield code="c">XA-DE-RP</subfield><subfield code="c">XA-GB</subfield><subfield code="c">XA-ES</subfield></datafield><datafield tag="245" ind1="1" ind2="0"><subfield code="a">Mini Maestro</subfield><subfield code="b">50 little piano pieces from baroque to modern music for concerts, lessons and exams</subfield><subfield code="n">Band 2</subfield><subfield code="p">Easy / Hans-Günter Heumann Herausgeber/in ; Selina Peterson Illustrator/in</subfield><subfield code="c">edited by Hans-Günter Heumann ; Cover  Illustration: Selina Peterson</subfield></datafield><datafield tag="246" ind1="1" ind2="1"><subfield code="a">Leicht</subfield></datafield><datafield tag="264" ind1=" " ind2="4"><subfield code="a">Mainz ; London ; Madrid ; Paris ; New York ; Tokyo ; Bejing</subfield><subfield code="b">Schott Music</subfield><subfield code="c">[2019]</subfield></datafield><datafield tag="264" ind1=" " ind2="4"><subfield code="c">© 2019</subfield></datafield><datafield tag="300" ind1=" " ind2=" "><subfield code="a">71 Seiten</subfield><subfield code="c">30.3 cm x 23.1 cm, 1 g</subfield></datafield><datafield tag="336" ind1=" " ind2=" "><subfield code="a">Printed music</subfield><subfield code="b">ntm</subfield><subfield code="2">rdacontent</subfield></datafield><datafield tag="337" ind1=" " ind2=" "><subfield code="a">unmediated</subfield><subfield code="b">n</subfield><subfield code="2">rdamedia</subfield></datafield><datafield tag="338" ind1=" " ind2=" "><subfield code="a">volume</subfield><subfield code="b">nc</subfield><subfield code="2">rdacarrier</subfield></datafield><datafield tag="500" ind1=" " ind2=" "><subfield code="a">Archivierung prüfen</subfield></datafield><datafield tag="500" ind1=" " ind2=" "><subfield code="a">DE-640 (1)</subfield></datafield><datafield tag="700" ind1="1" ind2=" "><subfield code="0">(DE-588)132990008</subfield><subfield code="0">(DE-Frei129)00120712</subfield><subfield code="a">Heumann, Hans-Günter</subfield><subfield code="4">Hrsg.</subfield></datafield><datafield tag="700" ind1="1" ind2=" "><subfield code="0">(DE-Frei129)58751664</subfield><subfield code="a">Peterson, Selina</subfield><subfield code="4">ill</subfield></datafield><datafield tag="773" ind1="0" ind2="8"><subfield code="w">(DE-Frei129)60121590</subfield><subfield code="q">12</subfield></datafield><datafield tag="852" ind1=" " ind2=" "><subfield code="a">Frei 129</subfield><subfield code="b">PHFR</subfield><subfield code="c">LT 11750 H592 -2</subfield></datafield><datafield tag="856" ind1="4" ind2=" "><subfield code="8">00</subfield><subfield code="u">https://de.schott-music.com/shop/405001</subfield><subfield code="y">Verlagslink</subfield></datafield><datafield tag="980" ind1="0" ind2=" "><subfield code="a">00483235</subfield><subfield code="9">(PHFR)</subfield><subfield code="b">3.OG (37)</subfield><subfield code="c">LT 11750 H592 -2</subfield><subfield code="d">Standardleihe (01)</subfield><subfield code="e">Verfügbar (X)</subfield></datafield></record>
<record><leader>04367ncm a2200000uuc4500</leader><controlfield tag="001">60121589</controlfield><controlfield tag="003">DE-Frei129</controlfield><controlfield tag="005">20220811084009.0</controlfield><controlfield tag="007">qu</controlfield><controlfield tag="008">200122s2010    ||||||||||||||||||||eng||</controlfield><datafield tag="015" ind1=" " ind2=" "><subfield code="a">20,N04</subfield></datafield><datafield tag="016" ind1="7" ind2=" "><subfield code="a">1202985246</subfield><subfield code="2">DE-101</subfield></datafield><datafield tag="020" ind1=" " ind2=" "><subfield code="a">9783795719067</subfield><subfield code="9">9783795719067</subfield><subfield code="c">: ((Rückendrahtheftung) : EUR 16.50 (DE), EUR 17.00 (AT))</subfield></datafield><datafield tag="020" ind1=" " ind2=" "><subfield code="a">3795719062</subfield><subfield code="9">3795719062</subfield></datafield><datafield tag="024" ind1="3" ind2=" "><subfield code="a">9783795719067</subfield></datafield><datafield tag="035" ind1=" " ind2=" "><subfield code="a">(DE-576)1688099190</subfield></datafield><datafield tag="040" ind1=" " ind2=" "><subfield code="e">rda</subfield></datafield><datafield tag="041" ind1=" " ind2=" "><subfield code="a">eng</subfield><subfield code="a">ger</subfield><subfield code="a">zxx</subfield></datafield><datafield tag="044" ind1=" " ind2=" "><subfield code="c">XA-DE-RP</subfield><subfield code="c">XA-GB</subfield><subfield code="c">XA-ES</subfield></datafield><datafield tag="245" ind1="1" ind2="0"><subfield code="a">Mini Maestro</subfield><subfield code="b">50 little piano pieces from baroque to modern music for concerts, lessons and exams</subfield><subfield code="n">Volume 1</subfield><subfield code="p">Very easy / Hans-Günter Heumann Herausgeber/in ; Selina Peterson Illustrator/in</subfield><subfield code="c">edited by Hans-Günter Heumann ; Cover  Illustration: Selina Peterson</subfield></datafield><datafield tag="246" ind1="1" ind2="1"><subfield code="a">Sehr leicht</subfield></datafield><datafield tag="264" ind1=" " ind2="4"><subfield code="a">Mainz ; London ; Madrid ; Paris ; New York ; Tokyo ; Bejing</subfield><subfield code="b">Schott Music</subfield><subfield code="c">[2019]</subfield></datafield><datafield tag="264" ind1=" " ind2="4"><subfield code="c">© 2019</subfield></datafield><datafield tag="300" ind1=" " ind2=" "><subfield code="a">63 Seiten</subfield><subfield code="c">30.3 cm x 23.1 cm, 1 g</subfield></datafield><datafield tag="336" ind1=" " ind2=" "><subfield code="a">Printed music</subfield><subfield code="b">ntm</subfield><subfield code="2">rdacontent</subfield></datafield><datafield tag="337" ind1=" " ind2=" "><subfield code="a">unmediated</subfield><subfield code="b">n</subfield><subfield code="2">rdamedia</subfield></datafield><datafield tag="338" ind1=" " ind2=" "><subfield code="a">volume</subfield><subfield code="b">nc</subfield><subfield code="2">rdacarrier</subfield></datafield><datafield tag="500" ind1=" " ind2=" "><subfield code="a">Archivierung prüfen</subfield></datafield><datafield tag="500" ind1=" " ind2=" "><subfield code="a">DE-640 (1)</subfield></datafield><datafield tag="700" ind1="1" ind2=" "><subfield code="0">(DE-588)132990008</subfield><subfield code="0">(DE-Frei129)00120712</subfield><subfield code="a">Heumann, Hans-Günter</subfield><subfield code="4">Hrsg.</subfield></datafield><datafield tag="700" ind1="1" ind2=" "><subfield code="0">(DE-Frei129)58751664</subfield><subfield code="a">Peterson, Selina</subfield><subfield code="4">ill</subfield></datafield><datafield tag="773" ind1="0" ind2="8"><subfield code="w">(DE-Frei129)60121590</subfield><subfield code="q">11</subfield></datafield><datafield tag="852" ind1=" " ind2=" "><subfield code="a">Frei 129</subfield><subfield code="b">PHFR</subfield><subfield code="c">LT 11750 H592 -1</subfield></datafield><datafield tag="856" ind1="4" ind2=" "><subfield code="8">00</subfield><subfield code="u">https://de.schott-music.com/shop/375669</subfield><subfield code="y">Verlagslink</subfield></datafield><datafield tag="980" ind1="0" ind2=" "><subfield code="a">00483234</subfield><subfield code="9">(PHFR)</subfield><subfield code="b">3.OG (37)</subfield><subfield code="c">LT 11750 H592 -1</subfield><subfield code="d">Standardleihe (01)</subfield><subfield code="e">Verfügbar (X)</subfield></datafield></record>
<record><leader>04860nem a2200000uuc4500</leader><controlfield tag="001">60061300</controlfield><controlfield tag="003">DE-Frei129</controlfield><controlfield tag="005">20220811084009.0</controlfield><controlfield tag="007">a|||||||</controlfield><controlfield tag="008">100622s2010    ||||||||||||||||||||ger||</controlfield><datafield tag="020" ind1=" " ind2=" "><subfield code="a">9783141000375</subfield><subfield code="9">9783141000375</subfield><subfield code="c">(Atlas)</subfield></datafield><datafield tag="020" ind1=" " ind2=" "><subfield code="a">9783141000207</subfield><subfield code="9">9783141000207</subfield><subfield code="c">(Arbeitsh.)</subfield></datafield><datafield tag="035" ind1=" " ind2=" "><subfield code="a">(DE-576)629726728</subfield></datafield><datafield tag="041" ind1=" " ind2=" "><subfield code="a">ger</subfield></datafield><datafield tag="044" ind1=" " ind2=" "><subfield code="c">XA-DE-NI</subfield></datafield><datafield tag="245" ind1="1" ind2="0"><subfield code="a">Diercke-Grundschulatlas</subfield><subfield code="n">[Hauptbd.]</subfield></datafield><datafield tag="250" ind1=" " ind2=" "><subfield code="a">Bayern, 1. Aufl., Dr. A</subfield></datafield><datafield tag="260" ind1="3" ind2=" "><subfield code="a">Braunschweig</subfield><subfield code="b">Westermann</subfield><subfield code="c">2010</subfield></datafield><datafield tag="300" ind1=" " ind2=" "><subfield code="a">61 Seiten</subfield><subfield code="b">Ill., graph. Darst., überw. Kt.</subfield><subfield code="e">Arbeitsh. mit Diercke-Reisepass (15 S.)</subfield></datafield><datafield tag="500" ind1=" " ind2=" "><subfield code="a">Hier auch später erschienene, unveränderte Nachdrucke und Auflagen</subfield></datafield><datafield tag="500" ind1=" " ind2=" "><subfield code="a">IMD-Felder maschinell generiert (GBV)</subfield></datafield><datafield tag="500" ind1=" " ind2=" "><subfield code="a">Archivierung prüfen</subfield></datafield><datafield tag="500" ind1=" " ind2=" "><subfield code="a">DE-640 (1)</subfield></datafield><datafield tag="650" ind1=" " ind2="7"><subfield code="a">Heimatkundeunterricht</subfield><subfield code="0">(DE-Frei129)00010866</subfield><subfield code="0">(DE-588)4024116-6</subfield><subfield code="2">gnd</subfield></datafield><datafield tag="650" ind1=" " ind2="7"><subfield code="a">Sachunterricht</subfield><subfield code="0">(DE-Frei129)00010867</subfield><subfield code="0">(DE-588)4051158-3</subfield><subfield code="2">gnd</subfield></datafield><datafield tag="650" ind1=" " ind2="7"><subfield code="a">Grundschule</subfield><subfield code="0">(DE-Frei129)00010240</subfield><subfield code="0">(DE-588)4022349-8</subfield><subfield code="2">gnd</subfield></datafield><datafield tag="651" ind1=" " ind2="7"><subfield code="a">Berlin</subfield><subfield code="0">(DE-Frei129)00003318</subfield><subfield code="0">(DE-588)4005728-8</subfield><subfield code="2">gnd</subfield></datafield><datafield tag="651" ind1=" " ind2="7"><subfield code="a">Deutschland</subfield><subfield code="0">(DE-Frei129)00005806</subfield><subfield code="0">(DE-588)4011882-4</subfield><subfield code="2">gnd</subfield></datafield><datafield tag="689" ind1="0" ind2="0"><subfield code="0">(DE-588)4024116-6</subfield><subfield code="D">s</subfield><subfield code="a">Heimatkundeunterricht </subfield></datafield><datafield tag="689" ind1="0" ind2="1"><subfield code="0">(DE-588)4051158-3</subfield><subfield code="D">s</subfield><subfield code="a">Sachunterricht </subfield></datafield><datafield tag="689" ind1="0" ind2="2"><subfield code="0">(DE-588)4022349-8</subfield><subfield code="D">s</subfield><subfield code="a">Grundschule </subfield></datafield><datafield tag="689" ind1="0" ind2="3"><subfield code="0">(DE-588)4005728-8</subfield><subfield code="D">g</subfield><subfield code="a">Berlin </subfield></datafield><datafield tag="689" ind1="0" ind2="4"><subfield code="0">(DE-588)4011882-4</subfield><subfield code="D">g</subfield><subfield code="a">Deutschland</subfield><subfield code="5">DE-101</subfield></datafield><datafield tag="700" ind1="1" ind2=" "><subfield code="0">(DE-Frei129)58726340</subfield><subfield code="a">Elbert, Martina</subfield><subfield code="4">oth</subfield></datafield><datafield tag="773" ind1="0" ind2="8"><subfield code="w">(DE-Frei129)60061301</subfield><subfield code="q">H.2010</subfield></datafield><datafield tag="852" ind1=" " ind2=" "><subfield code="a">Frei 129</subfield><subfield code="b">PHFR</subfield><subfield code="c">RB 10226 D563 E3</subfield></datafield><datafield tag="980" ind1="0" ind2=" "><subfield code="a">00481718</subfield><subfield code="9">(PHFR)</subfield><subfield code="b">EG-Anbau (32)</subfield><subfield code="c">RB 10226 D563 E3</subfield><subfield code="d">Standardleihe (01)</subfield><subfield code="e">Verfügbar (X)</subfield></datafield></record>
<record><leader>02406nam a2200000uu 4500</leader><controlfield tag="001">59718128</controlfield><controlfield tag="003">DE-Frei129</controlfield><controlfield tag="005">20220811084009.0</controlfield><controlfield tag="007">tu</controlfield><controlfield tag="008">111006s2010    ||||||||||||||||||||ger||</controlfield><datafield tag="020" ind1=" " ind2=" "><subfield code="a">9783060613243</subfield><subfield code="9">9783060613243</subfield></datafield><datafield tag="020" ind1=" " ind2=" "><subfield code="a">3060613249</subfield><subfield code="9">3060613249</subfield></datafield><datafield tag="035" ind1=" " ind2=" "><subfield code="a">(DE-576)1613002149</subfield></datafield><datafield tag="041" ind1=" " ind2=" "><subfield code="a">ger</subfield></datafield><datafield tag="044" ind1=" " ind2=" "><subfield code="c">XA-DE</subfield></datafield><datafield tag="245" ind1="1" ind2="4"><subfield code="a">Die Welle</subfield><subfield code="b">Morton Rhue; Kopiervorlagen</subfield><subfield code="c">hrsg. von Ute Fenske ...</subfield></datafield><datafield tag="250" ind1=" " ind2=" "><subfield code="a">1. Aufl.</subfield></datafield><datafield tag="260" ind1="3" ind2=" "><subfield code="a">Berlin</subfield><subfield code="b">Cornelsen</subfield><subfield code="c">2010</subfield></datafield><datafield tag="300" ind1=" " ind2=" "><subfield code="a">48 Seiten</subfield><subfield code="b">Ill.</subfield></datafield><datafield tag="490" ind1="0" ind2=" "><subfield code="a">Deutschbuch Kopiervorlagen</subfield></datafield><datafield tag="490" ind1="0" ind2=" "><subfield code="a">Deutschbuch Ideen zur Jugendliteratur</subfield></datafield><datafield tag="500" ind1=" " ind2=" "><subfield code="a">Archivierung prüfen</subfield></datafield><datafield tag="700" ind1="1" ind2=" "><subfield code="0">(DE-Frei129)00139754</subfield><subfield code="a">Fenske, Ute</subfield><subfield code="4">Hrsg.</subfield></datafield><datafield tag="852" ind1=" " ind2=" "><subfield code="a">Frei 129</subfield><subfield code="b">PHFR</subfield><subfield code="c">GB 2978 W447</subfield></datafield><datafield tag="980" ind1="0" ind2=" "><subfield code="a">00479845</subfield><subfield code="9">(PHFR)</subfield><subfield code="b">2.OG (35)</subfield><subfield code="c">GB 2978 W447</subfield><subfield code="d">Standardleihe (01)</subfield><subfield code="e">Verfügbar (X)</subfield></datafield></record>
<record><leader>07056nam a2200000uu 4500</leader><controlfield tag="001">59691133</controlfield><controlfield tag="003">DE-Frei129</controlfield><controlfield tag="005">20220811084010.0</controlfield><controlfield tag="007">tu</controlfield><controlfield tag="008">100601s2010    ||||||||||||||||||||eng||</controlfield><datafield tag="020" ind1=" " ind2=" "><subfield code="a">9781847692894</subfield><subfield code="9">9781847692894</subfield><subfield code="c">hbk : alk. paper</subfield></datafield><datafield tag="020" ind1=" " ind2=" "><subfield code="a">9781847692887</subfield><subfield code="9">9781847692887</subfield><subfield code="c">pbk : alk. paper</subfield></datafield><datafield tag="020" ind1=" " ind2=" "><subfield code="a">1847692893</subfield><subfield code="9">1847692893</subfield><subfield code="c">(hbk.) £69.95</subfield></datafield><datafield tag="020" ind1=" " ind2=" "><subfield code="a">1847692885</subfield><subfield code="9">1847692885</subfield><subfield code="c">(pbk.) £29.95</subfield></datafield><datafield tag="020" ind1=" " ind2=" "><subfield code="z">978184762894</subfield><subfield code="9">978-1-8476--289-4</subfield></datafield><datafield tag="020" ind1=" " ind2=" "><subfield code="z">9781847692887</subfield><subfield code="9">978-1-84769-288-7</subfield></datafield><datafield tag="035" ind1=" " ind2=" "><subfield code="a">(DE-576)627178642</subfield></datafield><datafield tag="041" ind1=" " ind2=" "><subfield code="a">eng</subfield></datafield><datafield tag="044" ind1=" " ind2=" "><subfield code="c">XA-GB</subfield><subfield code="c">XD-US</subfield><subfield code="c">XD-CA</subfield></datafield><datafield tag="245" ind1="1" ind2="0"><subfield code="a">Insights into non-native vocabulary teaching and learning</subfield><subfield code="c">edited by Rubén Chacón-Beltrán ...</subfield></datafield><datafield tag="260" ind1="3" ind2=" "><subfield code="a">Bristol [u.a.]</subfield><subfield code="b">Multilingual Matters</subfield><subfield code="c">c2010</subfield></datafield><datafield tag="300" ind1=" " ind2=" "><subfield code="a">X, 230 Seiten</subfield><subfield code="b">Ill., graph. Darst</subfield><subfield code="c">24 cm</subfield></datafield><datafield tag="490" ind1="1" ind2=" "><subfield code="a">Second language acquisition </subfield><subfield code="v">52</subfield></datafield><datafield tag="500" ind1=" " ind2=" "><subfield code="a">Literaturverz. S. 206 - 226 und Index</subfield></datafield><datafield tag="500" ind1=" " ind2=" "><subfield code="a">IMD-Felder maschinell generiert (GBV)</subfield></datafield><datafield tag="500" ind1=" " ind2=" "><subfield code="a">Archivierung prüfen</subfield></datafield><datafield tag="650" ind1=" " ind2="7"><subfield code="a">Vocabulary</subfield><subfield code="x">Study and teaching</subfield><subfield code="0">(DE-Frei129)01832373</subfield><subfield code="2">local</subfield></datafield><datafield tag="650" ind1=" " ind2="7"><subfield code="a">Language and languages</subfield><subfield code="x">Study and teaching</subfield><subfield code="0">(DE-Frei129)01746154</subfield><subfield code="2">local</subfield></datafield><datafield tag="650" ind1=" " ind2="7"><subfield code="a">Second language acquisition</subfield><subfield code="0">(DE-Frei129)00239902</subfield><subfield code="2">local</subfield></datafield><datafield tag="650" ind1=" " ind2="7"><subfield code="a">Fremdsprachenunterricht</subfield><subfield code="0">(DE-Frei129)00008718</subfield><subfield code="0">(DE-588)4018428-6</subfield><subfield code="2">gnd</subfield></datafield><datafield tag="650" ind1=" " ind2="7"><subfield code="a">Vokabellernen</subfield><subfield code="0">(DE-Frei129)00070136</subfield><subfield code="0">(DE-588)4188502-8</subfield><subfield code="2">gnd</subfield></datafield><datafield tag="650" ind1=" " ind2="7"><subfield code="a">Vocabulary</subfield><subfield code="0">(DE-Frei129)00237349</subfield><subfield code="2">local</subfield></datafield><datafield tag="650" ind1=" " ind2="7"><subfield code="a">Study and teaching</subfield><subfield code="0">(DE-Frei129)00237273</subfield><subfield code="2">local</subfield></datafield><datafield tag="650" ind1=" " ind2="7"><subfield code="a">Foreign speakers</subfield><subfield code="0">(DE-Frei129)00237274</subfield><subfield code="2">local</subfield></datafield><datafield tag="689" ind1="0" ind2="0"><subfield code="A">s</subfield><subfield code="a">Vocabulary / Study and teaching</subfield><subfield code="5">DE-101</subfield></datafield><datafield tag="689" ind1="1" ind2="0"><subfield code="A">s</subfield><subfield code="a">Language and languages / Study and teaching</subfield><subfield code="5">DE-101</subfield></datafield><datafield tag="689" ind1="2" ind2="0"><subfield code="A">s</subfield><subfield code="a">Second language acquisition</subfield><subfield code="5">DE-101</subfield></datafield><datafield tag="689" ind1="3" ind2="0"><subfield code="0">(DE-588)4018428-6</subfield><subfield code="D">s</subfield><subfield code="a">Fremdsprachenunterricht </subfield></datafield><datafield tag="689" ind1="3" ind2="1"><subfield code="0">(DE-588)4188502-8</subfield><subfield code="D">s</subfield><subfield code="a">Vokabellernen</subfield><subfield code="5">DE-101</subfield></datafield><datafield tag="689" ind1="4" ind2="0"><subfield code="A">s</subfield><subfield code="a">Vocabulary</subfield><subfield code="5">DE-101</subfield></datafield><datafield tag="689" ind1="5" ind2="0"><subfield code="A">s</subfield><subfield code="a">Vocabulary </subfield></datafield><datafield tag="689" ind1="5" ind2="1"><subfield code="A">s</subfield><subfield code="a">Study and teaching </subfield></datafield><datafield tag="689" ind1="5" ind2="2"><subfield code="A">s</subfield><subfield code="a">Foreign speakers</subfield><subfield code="5">DE-101</subfield></datafield><datafield tag="700" ind1="1" ind2=" "><subfield code="0">(DE-588)142099945</subfield><subfield code="0">(DE-Frei129)58326812</subfield><subfield code="a">Chacón-Beltrán, Rubén</subfield><subfield code="4">Hrsg.</subfield></datafield><datafield tag="830" ind1=" " ind2="0"><subfield code="a">Second language acquisition</subfield><subfield code="v">52</subfield><subfield code="w">(DE-Frei129)00249926</subfield><subfield code="9">252</subfield></datafield><datafield tag="852" ind1=" " ind2=" "><subfield code="a">Frei 129</subfield><subfield code="b">PHFR</subfield><subfield code="c">ES 875 C431</subfield></datafield><datafield tag="856" ind1="4" ind2=" "><subfield code="8">00</subfield><subfield code="u">https://external.dandelon.com/download/attachments/dandelon/ids/DE00676658571CDD23477C12577AD002DCE73.pdf</subfield><subfield code="y">Inhaltsverzeichnis</subfield></datafield><datafield tag="980" ind1="0" ind2=" "><subfield code="a">00478379</subfield><subfield code="9">(PHFR)</subfield><subfield code="b">2.OG (35)</subfield><subfield code="c">ES 875 C431</subfield><subfield code="d">Standardleihe (01)</subfield><subfield code="e">Verfügbar (X)</subfield></datafield></record>
<record><leader>07201nam a2200000uu 4500</leader><controlfield tag="001">59222342</controlfield><controlfield tag="003">DE-Frei129</controlfield><controlfield tag="005">20220811084010.0</controlfield><controlfield tag="007">tu</controlfield><controlfield tag="008">110224s2010    ||||||||||||||||||||eng||</controlfield><datafield tag="020" ind1=" " ind2=" "><subfield code="a">9789042032095</subfield><subfield code="9">9789042032095</subfield><subfield code="c">: pbk</subfield></datafield><datafield tag="020" ind1=" " ind2=" "><subfield code="a">9789042032101</subfield><subfield code="9">9789042032101</subfield><subfield code="c">e-book</subfield></datafield><datafield tag="024" ind1="8" ind2=" "><subfield code="a">647351080</subfield></datafield><datafield tag="035" ind1=" " ind2=" "><subfield code="a">(DE-576)1619219956</subfield></datafield><datafield tag="040" ind1=" " ind2=" "><subfield code="e">rda</subfield></datafield><datafield tag="041" ind1=" " ind2=" "><subfield code="a">eng</subfield></datafield><datafield tag="044" ind1=" " ind2=" "><subfield code="c">XA-NL</subfield><subfield code="c">XD-US</subfield></datafield><datafield tag="100" ind1="1" ind2=" "><subfield code="a">Ingram, David</subfield><subfield code="0">(DE-Frei129)00900072</subfield><subfield code="0">(DE-588)1013802624</subfield></datafield><datafield tag="245" ind1="1" ind2="4"><subfield code="a">The Jukebox in the garden</subfield><subfield code="b">ecocriticism and American popular music since 1960</subfield><subfield code="c">David Ingram</subfield></datafield><datafield tag="264" ind1=" " ind2="4"><subfield code="a">Amsterdam ; New York, NY</subfield><subfield code="b">Rodopi</subfield><subfield code="c">[2010]</subfield></datafield><datafield tag="264" ind1=" " ind2="4"><subfield code="c">© 2010</subfield></datafield><datafield tag="300" ind1=" " ind2=" "><subfield code="a">276 Seiten</subfield></datafield><datafield tag="336" ind1=" " ind2=" "><subfield code="a">text</subfield><subfield code="b">txt</subfield><subfield code="2">rdacontent</subfield></datafield><datafield tag="337" ind1=" " ind2=" "><subfield code="a">unmediated</subfield><subfield code="b">n</subfield><subfield code="2">rdamedia</subfield></datafield><datafield tag="338" ind1=" " ind2=" "><subfield code="a">volume</subfield><subfield code="b">nc</subfield><subfield code="2">rdacarrier</subfield></datafield><datafield tag="490" ind1="1" ind2=" "><subfield code="a">Nature, culture and literature </subfield><subfield code="v">7</subfield></datafield><datafield tag="500" ind1=" " ind2=" "><subfield code="a">Literaturverzeichnis Seite 249-264. - Index.</subfield></datafield><datafield tag="500" ind1=" " ind2=" "><subfield code="a">Archivierung prüfen</subfield></datafield><datafield tag="648" ind1=" " ind2="7"><subfield code="a">United States</subfield><subfield code="x">History and criticism</subfield><subfield code="0">(DE-Frei129)14263003</subfield><subfield code="2">local</subfield></datafield><datafield tag="648" ind1=" " ind2="7"><subfield code="a">Geschichte 1960-2010</subfield><subfield code="0">(DE-Frei129)00193432</subfield><subfield code="2">local</subfield></datafield><datafield tag="650" ind1=" " ind2="7"><subfield code="a">Popular music</subfield><subfield code="0">(DE-Frei129)00244474</subfield><subfield code="2">local</subfield></datafield><datafield tag="650" ind1=" " ind2="7"><subfield code="a">Environment</subfield><subfield code="x">Songs and music</subfield><subfield code="x">History and criticism</subfield><subfield code="0">(DE-Frei129)15247686</subfield><subfield code="2">local</subfield></datafield><datafield tag="650" ind1=" " ind2="7"><subfield code="a">Style, Musical</subfield><subfield code="0">(DE-Frei129)00388151</subfield><subfield code="2">local</subfield></datafield><datafield tag="650" ind1=" " ind2="7"><subfield code="a">Music and philosophy</subfield><subfield code="0">(DE-Frei129)00388369</subfield><subfield code="2">local</subfield></datafield><datafield tag="650" ind1=" " ind2="7"><subfield code="a">Popmusik</subfield><subfield code="0">(DE-Frei129)00019357</subfield><subfield code="0">(DE-588)4046781-8</subfield><subfield code="2">gnd</subfield></datafield><datafield tag="650" ind1=" " ind2="7"><subfield code="a">Ökologische Bewegung</subfield><subfield code="0">(DE-Frei129)00036964</subfield><subfield code="0">(DE-588)4115439-3</subfield><subfield code="2">gnd</subfield></datafield><datafield tag="651" ind1=" " ind2="7"><subfield code="a">USA</subfield><subfield code="0">(DE-Frei129)00031006</subfield><subfield code="0">(DE-588)4078704-7</subfield><subfield code="2">gnd</subfield></datafield><datafield tag="689" ind1="0" ind2="0"><subfield code="A">s</subfield><subfield code="a">Popular music </subfield></datafield><datafield tag="689" ind1="0" ind2="1"><subfield code="A">s</subfield><subfield code="a">United States / History and criticism</subfield><subfield code="5">DE-101</subfield></datafield><datafield tag="689" ind1="1" ind2="0"><subfield code="A">s</subfield><subfield code="a">Environment / Songs and music / History and criticism</subfield><subfield code="5">DE-101</subfield></datafield><datafield tag="689" ind1="2" ind2="0"><subfield code="A">s</subfield><subfield code="a">Style, Musical</subfield><subfield code="5">DE-101</subfield></datafield><datafield tag="689" ind1="3" ind2="0"><subfield code="A">s</subfield><subfield code="a">Music and philosophy</subfield><subfield code="5">DE-101</subfield></datafield><datafield tag="689" ind1="4" ind2="0"><subfield code="0">(DE-588)4078704-7</subfield><subfield code="D">g</subfield><subfield code="a">USA </subfield></datafield><datafield tag="689" ind1="4" ind2="1"><subfield code="0">(DE-588)4046781-8</subfield><subfield code="D">s</subfield><subfield code="a">Popmusik </subfield></datafield><datafield tag="689" ind1="4" ind2="2"><subfield code="0">(DE-588)4115439-3</subfield><subfield code="D">s</subfield><subfield code="a">Ökologische Bewegung </subfield></datafield><datafield tag="689" ind1="4" ind2="3"><subfield code="A">s</subfield><subfield code="a">Geschichte 1960-2010</subfield><subfield code="5">DE-101</subfield></datafield><datafield tag="830" ind1=" " ind2="0"><subfield code="a">Nature, culture and literature</subfield><subfield code="v">7</subfield><subfield code="w">(DE-Frei129)00282272</subfield><subfield code="9">17</subfield></datafield><datafield tag="852" ind1=" " ind2=" "><subfield code="a">Frei 129</subfield><subfield code="b">PHFR</subfield><subfield code="c">LS 48050 I54</subfield></datafield><datafield tag="856" ind1="4" ind2=" "><subfield code="8">00</subfield><subfield code="u">http://bvbr.bib-bvb.de:8991/F?func=service&amp;doc_library=BVB01&amp;doc_number=021103556&amp;line_number=0001&amp;func_code=DB_RECORDS&amp;service_type=MEDIA</subfield><subfield code="y">Inhaltsverzeichnis</subfield></datafield><datafield tag="980" ind1="0" ind2=" "><subfield code="a">00476052</subfield><subfield code="9">(PHFR)</subfield><subfield code="b">3.OG (37)</subfield><subfield code="c">LS 48050 I54</subfield><subfield code="d">Standardleihe (01)</subfield><subfield code="e">Verfügbar (X)</subfield></datafield></record>
<record><leader>03575nam a2200000uu 4500</leader><controlfield tag="001">59163091</controlfield><controlfield tag="003">DE-Frei129</controlfield><controlfield tag="005">20220811084010.0</controlfield><controlfield tag="007">tu</controlfield><controlfield tag="008">200911s2010    ||||||||||||||||||||ger||</controlfield><datafield tag="015" ind1=" " ind2=" "><subfield code="a">13,A49</subfield></datafield><datafield tag="016" ind1="7" ind2=" "><subfield code="a">1044271523</subfield><subfield code="2">DE-101</subfield></datafield><datafield tag="020" ind1=" " ind2=" "><subfield code="a">9783060601769</subfield><subfield code="9">9783060601769</subfield><subfield code="c">: geh. : EUR 11.75</subfield></datafield><datafield tag="035" ind1=" " ind2=" "><subfield code="a">(DE-576)773519629</subfield></datafield><datafield tag="041" ind1=" " ind2=" "><subfield code="a">ger</subfield></datafield><datafield tag="044" ind1=" " ind2=" "><subfield code="c">XA-DE</subfield></datafield><datafield tag="245" ind1="1" ind2="0"><subfield code="a">Johann Wolfgang Goethe, Iphigenie auf Tauris</subfield><subfield code="b">Kopiervorlagen</subfield><subfield code="c">hrsg. von Bernd Schurf und Andrea Wagener. Erarb. von Peter Peters</subfield></datafield><datafield tag="250" ind1=" " ind2=" "><subfield code="a">1. Auflage</subfield></datafield><datafield tag="260" ind1="3" ind2=" "><subfield code="a">Berlin</subfield><subfield code="b">Cornelsen</subfield><subfield code="c">2010</subfield></datafield><datafield tag="300" ind1=" " ind2=" "><subfield code="a">48 Seiten</subfield><subfield code="b">Illustrationen</subfield><subfield code="c">30 cm</subfield></datafield><datafield tag="490" ind1="0" ind2=" "><subfield code="a">Texte, Themen und Strukturen</subfield></datafield><datafield tag="500" ind1=" " ind2=" "><subfield code="a">Hier auch später erschienene, unveränderte Nachdrucke</subfield></datafield><datafield tag="500" ind1=" " ind2=" "><subfield code="a">IMD-Felder maschinell generiert (GBV)</subfield></datafield><datafield tag="700" ind1="1" ind2=" "><subfield code="0">(DE-588)1062523598</subfield><subfield code="0">(DE-Frei129)01179979</subfield><subfield code="a">Schurf, Bernd</subfield><subfield code="4">oth</subfield></datafield><datafield tag="700" ind1="1" ind2=" "><subfield code="0">(DE-588)106252358X</subfield><subfield code="0">(DE-Frei129)01532105</subfield><subfield code="a">Wagener, Andrea</subfield><subfield code="4">oth</subfield></datafield><datafield tag="700" ind1="1" ind2=" "><subfield code="0">(DE-588)130086487</subfield><subfield code="0">(DE-Frei129)58405006</subfield><subfield code="a">Peters, Peter</subfield><subfield code="4">oth</subfield></datafield><datafield tag="852" ind1=" " ind2=" "><subfield code="a">Frei 129</subfield><subfield code="b">PHFR</subfield><subfield code="c">GK 4611 I64 S3</subfield></datafield><datafield tag="980" ind1="0" ind2=" "><subfield code="a">00475159</subfield><subfield code="9">(PHFR)</subfield><subfield code="b">2.OG (35)</subfield><subfield code="c">GK 4611 I64 S3</subfield><subfield code="d">Standardleihe (01)</subfield><subfield code="e">Verfügbar (X)</subfield><subfield code="x">4. Dr. 2019</subfield></datafield><datafield tag="980" ind1="0" ind2=" "><subfield code="a">00476460</subfield><subfield code="9">(PHFR)</subfield><subfield code="b">2.OG (35)</subfield><subfield code="c">GK 4611 I64 S3 +1</subfield><subfield code="d">Standardleihe (01)</subfield><subfield code="e">Verfügbar (X)</subfield><subfield code="x">Nachdruck 2019</subfield></datafield></record>
<record><leader>04799nam a2200000uu 4500</leader><controlfield tag="001">59156656</controlfield><controlfield tag="003">DE-Frei129</controlfield><controlfield tag="005">20220811084010.0</controlfield><controlfield tag="007">tu</controlfield><controlfield tag="008">191011s2010    ||||||||||||||||||||ger||</controlfield><datafield tag="020" ind1=" " ind2=" "><subfield code="a">9783125140738</subfield><subfield code="9">9783125140738</subfield><subfield code="c">PONS</subfield></datafield><datafield tag="035" ind1=" " ind2=" "><subfield code="a">(DE-576)167876325X</subfield></datafield><datafield tag="040" ind1=" " ind2=" "><subfield code="e">rda</subfield></datafield><datafield tag="041" ind1=" " ind2=" "><subfield code="a">ger</subfield><subfield code="a">spa</subfield></datafield><datafield tag="044" ind1=" " ind2=" "><subfield code="c">XA-DE-BW</subfield></datafield><datafield tag="245" ind1="1" ind2="0"><subfield code="a">Langenscheidt Handwörterbuch Spanisch</subfield><subfield code="b">Spanisch-Deutsch, Deutsch-Spanisch</subfield><subfield code="c">Originalfassung Spanisch-Deutsch: Prof. Dr. Günther Haensch, Dr. Heinz Müller, Deutsch-Spanisch: Gisela Haberkamp de Antón, Prof. Enrique Alvarez-Prada ; Aktualisierung Natalie Thomas, Dr. Charlotte Frei, Ulrich Florian</subfield></datafield><datafield tag="246" ind1="1" ind2="0"><subfield code="a">Handwörterbuch Spanisch</subfield></datafield><datafield tag="246" ind1="1" ind2="1"><subfield code="a">Langenscheidt diccionario grande alemán : Español-Alemán, Alemán-Español</subfield></datafield><datafield tag="250" ind1=" " ind2=" "><subfield code="a">Neubearbeitung 2010, 1. Auflage, [Nachdruck] 2019</subfield></datafield><datafield tag="264" ind1=" " ind2="3"><subfield code="a">Leck</subfield><subfield code="b">CPI - Clausen &amp; Bosse</subfield><subfield code="c">2019</subfield></datafield><datafield tag="264" ind1=" " ind2="4"><subfield code="a">Stuttgart</subfield><subfield code="b">Langenscheidt</subfield><subfield code="c">2010</subfield></datafield><datafield tag="300" ind1=" " ind2=" "><subfield code="a">1488 Seiten</subfield></datafield><datafield tag="336" ind1=" " ind2=" "><subfield code="a">text</subfield><subfield code="b">txt</subfield><subfield code="2">rdacontent</subfield></datafield><datafield tag="337" ind1=" " ind2=" "><subfield code="a">unmediated</subfield><subfield code="b">n</subfield><subfield code="2">rdamedia</subfield></datafield><datafield tag="338" ind1=" " ind2=" "><subfield code="a">volume</subfield><subfield code="b">nc</subfield><subfield code="2">rdacarrier</subfield></datafield><datafield tag="500" ind1=" " ind2=" "><subfield code="a">Ursprünglich erschienen Wien, München [u.a.] : Langenscheidt. - Nachdruck © PONS GmbH, Stuttgart</subfield></datafield><datafield tag="500" ind1=" " ind2=" "><subfield code="a">Erlaubte Dublette gemäß Bestimmungen für Nachdrucke (Ausnahmeregel Pflichtexemplarbibliotheken)</subfield></datafield><datafield tag="500" ind1=" " ind2=" "><subfield code="a">Archivierung/Langzeitarchivierung gewährleistet</subfield></datafield><datafield tag="650" ind1=" " ind2="7"><subfield code="a">Spanisch</subfield><subfield code="0">(DE-Frei129)00032377</subfield><subfield code="0">(DE-588)4077640-2</subfield><subfield code="2">gnd</subfield></datafield><datafield tag="650" ind1=" " ind2="7"><subfield code="a">Deutsch</subfield><subfield code="0">(DE-Frei129)00001208</subfield><subfield code="0">(DE-588)4113292-0</subfield><subfield code="2">gnd</subfield></datafield><datafield tag="689" ind1="0" ind2="0"><subfield code="0">(DE-588)4077640-2</subfield><subfield code="D">s</subfield><subfield code="a">Spanisch </subfield></datafield><datafield tag="689" ind1="0" ind2="1"><subfield code="0">(DE-588)4113292-0</subfield><subfield code="D">s</subfield><subfield code="a">Deutsch</subfield><subfield code="5">DE-101</subfield></datafield><datafield tag="700" ind1="1" ind2=" "><subfield code="0">(DE-588)11578120X</subfield><subfield code="0">(DE-Frei129)00020698</subfield><subfield code="a">Haensch, Günther</subfield><subfield code="4">oth</subfield></datafield><datafield tag="700" ind1="1" ind2=" "><subfield code="0">(DE-Frei129)00568070</subfield><subfield code="a">Thomas, Natalie</subfield><subfield code="4">Hrsg.</subfield></datafield><datafield tag="852" ind1=" " ind2=" "><subfield code="a">Frei 129</subfield><subfield code="b">PHFR</subfield><subfield code="c">IM 6865 L275</subfield></datafield><datafield tag="980" ind1="0" ind2=" "><subfield code="a">00474711</subfield><subfield code="9">(PHFR)</subfield><subfield code="b">2.OG (35)</subfield><subfield code="c">IM 6865 L275</subfield><subfield code="d">Präsenzbestand II (51)</subfield><subfield code="e">Verfügbar (X)</subfield></datafield></record>
<record><leader>03457nam a2200000uu 4500</leader><controlfield tag="001">59150288</controlfield><controlfield tag="003">DE-Frei129</controlfield><controlfield tag="005">20220811084010.0</controlfield><controlfield tag="007">tu</controlfield><controlfield tag="008">100312s2010    ||||||||||||||||||||ger||</controlfield><datafield tag="035" ind1=" " ind2=" "><subfield code="a">(DE-576)621052256</subfield></datafield><datafield tag="041" ind1=" " ind2=" "><subfield code="a">ger</subfield><subfield code="h">eng</subfield></datafield><datafield tag="044" ind1=" " ind2=" "><subfield code="c">XA-DE-NI</subfield><subfield code="c">XA-CH</subfield><subfield code="c">XA-AT</subfield></datafield><datafield tag="245" ind1="1" ind2="0"><subfield code="a">Fleishman-Job-Analyse-System für eigenschaftsbezogene Anforderungsanalysen</subfield><subfield code="b">F-JAS ; deutschsprachige Bearbeitung des Fleishman job analysis survey by Edwin A. Fleishman ; Manual</subfield><subfield code="c">von Martin Kleinmann ...</subfield></datafield><datafield tag="246" ind1="1" ind2="0"><subfield code="a">F-JAS</subfield></datafield><datafield tag="246" ind1="1" ind2="3"><subfield code="a">Fleishman job analysis survey</subfield></datafield><datafield tag="260" ind1="3" ind2=" "><subfield code="a">Göttingen [u.a.]</subfield><subfield code="b">Huber, Hans</subfield><subfield code="c">2010</subfield></datafield><datafield tag="300" ind1=" " ind2=" "><subfield code="a">51 Seiten</subfield><subfield code="b">graph. Darst.</subfield><subfield code="e">Beil. in Mappe</subfield></datafield><datafield tag="500" ind1=" " ind2=" "><subfield code="a">Literaturverz. S. 39 - 42</subfield></datafield><datafield tag="500" ind1=" " ind2=" "><subfield code="a">Beil.: 1 Skalenheft, 1 Instruktionsheft, Antwortbogen, Ergebnisbogen, Profilbogen</subfield></datafield><datafield tag="500" ind1=" " ind2=" "><subfield code="a">IMD-Felder maschinell generiert (GBV)</subfield></datafield><datafield tag="650" ind1=" " ind2="7"><subfield code="a">Personalpsychologie</subfield><subfield code="0">(DE-Frei129)00112505</subfield><subfield code="0">(DE-588)4784219-2</subfield><subfield code="2">gnd</subfield></datafield><datafield tag="689" ind1="0" ind2="0"><subfield code="0">(DE-588)4784219-2</subfield><subfield code="D">s</subfield><subfield code="a">Personalpsychologie</subfield><subfield code="5">DE-101</subfield></datafield><datafield tag="700" ind1="1" ind2=" "><subfield code="0">(DE-588)115870091</subfield><subfield code="0">(DE-Frei129)00091971</subfield><subfield code="a">Kleinmann, Martin</subfield><subfield code="4">oth</subfield></datafield><datafield tag="700" ind1="1" ind2=" "><subfield code="0">(DE-588)17207682X</subfield><subfield code="0">(DE-Frei129)01518291</subfield><subfield code="a">Fleishman, Edwin A.</subfield><subfield code="4">oth</subfield></datafield><datafield tag="852" ind1=" " ind2=" "><subfield code="a">Frei 129</subfield><subfield code="b">PHFR</subfield><subfield code="c">Psy T 700: 21</subfield></datafield><datafield tag="980" ind1="0" ind2=" "><subfield code="a">00474346</subfield><subfield code="9">(PHFR)</subfield><subfield code="b">Handbibliothek (50)</subfield><subfield code="c">Psy T 700: 21</subfield><subfield code="d">Handbibliothek - nie verleihbar (54)</subfield><subfield code="e">Verfügbar (X)</subfield><subfield code="x">nur für berechtigten Benutzerkreis; Testmappe komplett</subfield></datafield></record>
<record><leader>05579nam a2200000uu 4500</leader><controlfield tag="001">58899317</controlfield><controlfield tag="003">DE-Frei129</controlfield><controlfield tag="005">20220811084010.0</controlfield><controlfield tag="007">tu</controlfield><controlfield tag="008">100113s2010    ||||||||||||||||||||ger||</controlfield><datafield tag="015" ind1=" " ind2=" "><subfield code="a">10,A14</subfield></datafield><datafield tag="016" ind1="7" ind2=" "><subfield code="a">999059947</subfield><subfield code="2">DE-101</subfield></datafield><datafield tag="020" ind1=" " ind2=" "><subfield code="a">9783899013016</subfield><subfield code="9">9783899013016</subfield><subfield code="c">kart. : EUR 14.80, EUR 14.80</subfield></datafield><datafield tag="024" ind1="3" ind2=" "><subfield code="a">9783899013016</subfield></datafield><datafield tag="035" ind1=" " ind2=" "><subfield code="a">(DE-576)616420900</subfield></datafield><datafield tag="041" ind1=" " ind2=" "><subfield code="a">ger</subfield><subfield code="h">eng</subfield></datafield><datafield tag="044" ind1=" " ind2=" "><subfield code="c">XA-DE-NW</subfield></datafield><datafield tag="245" ind1="1" ind2="0"><subfield code="a">Jetzt!</subfield><subfield code="b">die Kraft der Gegenwart</subfield><subfield code="c">Eckhart Tolle. Aus dem Amerikan. übers. von Christine Bolam und Marianne Nentwig</subfield></datafield><datafield tag="246" ind1="1" ind2="3"><subfield code="a">The power of now</subfield></datafield><datafield tag="250" ind1=" " ind2=" "><subfield code="a">Limitierte Jubiläumsausg., Sonderausg., 1. Aufl.</subfield></datafield><datafield tag="260" ind1="3" ind2=" "><subfield code="a">Bielefeld</subfield><subfield code="b">Lüchow</subfield><subfield code="c">2010</subfield></datafield><datafield tag="300" ind1=" " ind2=" "><subfield code="a">269 Seiten</subfield><subfield code="c">18 cm</subfield></datafield><datafield tag="500" ind1=" " ind2=" "><subfield code="a">Hier auch später erschienene, unveränderte Nachdrucke</subfield></datafield><datafield tag="500" ind1=" " ind2=" "><subfield code="a">IMD-Felder maschinell generiert (GBV)</subfield></datafield><datafield tag="650" ind1=" " ind2="7"><subfield code="a">Gegenwart</subfield><subfield code="0">(DE-Frei129)00058055</subfield><subfield code="0">(DE-588)4156301-3</subfield><subfield code="2">gnd</subfield></datafield><datafield tag="650" ind1=" " ind2="7"><subfield code="a">Lebensführung</subfield><subfield code="0">(DE-Frei129)00015041</subfield><subfield code="0">(DE-588)4034864-7</subfield><subfield code="2">gnd</subfield></datafield><datafield tag="650" ind1=" " ind2="7"><subfield code="a">Spiritualität</subfield><subfield code="0">(DE-Frei129)00008775</subfield><subfield code="0">(DE-588)4116568-8</subfield><subfield code="2">gnd</subfield></datafield><datafield tag="689" ind1="0" ind2="0"><subfield code="0">(DE-588)4156301-3</subfield><subfield code="D">s</subfield><subfield code="a">Gegenwart </subfield></datafield><datafield tag="689" ind1="0" ind2="1"><subfield code="0">(DE-588)4034864-7</subfield><subfield code="D">s</subfield><subfield code="a">Lebensführung </subfield></datafield><datafield tag="689" ind1="0" ind2="2"><subfield code="0">(DE-588)4116568-8</subfield><subfield code="D">s</subfield><subfield code="a">Spiritualität</subfield><subfield code="5">DE-101</subfield></datafield><datafield tag="689" ind1="1" ind2="0"><subfield code="0">(DE-588)4156301-3</subfield><subfield code="D">s</subfield><subfield code="a">Gegenwart </subfield></datafield><datafield tag="689" ind1="1" ind2="1"><subfield code="0">(DE-588)4034864-7</subfield><subfield code="D">s</subfield><subfield code="a">Lebensführung </subfield></datafield><datafield tag="689" ind1="1" ind2="2"><subfield code="0">(DE-588)4116568-8</subfield><subfield code="D">s</subfield><subfield code="a">Spiritualität</subfield><subfield code="5">DE-101</subfield></datafield><datafield tag="700" ind1="1" ind2=" "><subfield code="0">(DE-588)124905250</subfield><subfield code="0">(DE-Frei129)00327476</subfield><subfield code="a">Tolle, Eckhart</subfield><subfield code="4">aut</subfield></datafield><datafield tag="852" ind1=" " ind2=" "><subfield code="a">Frei 129</subfield><subfield code="b">PHFR</subfield><subfield code="c">Psy K 50: 356</subfield></datafield><datafield tag="856" ind1="4" ind2=" "><subfield code="8">00</subfield><subfield code="u">http://d-nb.info/999059947/04</subfield><subfield code="y">Kurzbeschreibung des Verlags</subfield></datafield><datafield tag="856" ind1="4" ind2=" "><subfield code="8">01</subfield><subfield code="u">http://deposit.d-nb.de/cgi-bin/dokserv?id=3401828&amp;prov=M&amp;dok_var=1&amp;dok_ext=htm</subfield><subfield code="y">Inhaltstext</subfield></datafield><datafield tag="856" ind1="4" ind2=" "><subfield code="8">02</subfield><subfield code="u">http://deposit.d-nb.de/cgi-bin/dokserv?id=3401828&amp;prov=M&amp;dok_var=1&amp;dok_ext=htm</subfield><subfield code="y">Inhaltstext</subfield></datafield><datafield tag="856" ind1="4" ind2=" "><subfield code="8">03</subfield><subfield code="u">http://d-nb.info/999059947/04</subfield><subfield code="y">Inhaltsverzeichnis</subfield></datafield><datafield tag="980" ind1="0" ind2=" "><subfield code="a">00471051</subfield><subfield code="9">(PHFR)</subfield><subfield code="b">EG-Anbau (32)</subfield><subfield code="c">Psy K 50: 356</subfield><subfield code="d">Standardleihe (01)</subfield><subfield code="e">ausgeliehen (A) - Fälligkeitsdatum: 08.08.2022</subfield><subfield code="x">13. Auflage 2019</subfield></datafield></record>
<record><leader>03083nam a2200000uuc4500</leader><controlfield tag="001">58538202</controlfield><controlfield tag="003">DE-Frei129</controlfield><controlfield tag="005">20220811084010.0</controlfield><controlfield tag="007">tu</controlfield><controlfield tag="008">130507s2010    ||||||||||||||||||||eng||</controlfield><datafield tag="016" ind1="7" ind2=" "><subfield code="a">19488712X</subfield><subfield code="2">DE-101</subfield></datafield><datafield tag="020" ind1=" " ind2=" "><subfield code="a">9783034305303</subfield><subfield code="9">9783034305303</subfield><subfield code="c">(pbk.) £40.10</subfield></datafield><datafield tag="020" ind1=" " ind2=" "><subfield code="a">3034305303</subfield><subfield code="9">3034305303</subfield><subfield code="c">(pbk.) £40.10</subfield></datafield><datafield tag="035" ind1=" " ind2=" "><subfield code="a">(DE-576)1451949790</subfield></datafield><datafield tag="041" ind1=" " ind2=" "><subfield code="a">eng</subfield></datafield><datafield tag="245" ind1="1" ind2="0"><subfield code="a">Habitus in habitat</subfield><subfield code="n">1</subfield><subfield code="p">Emotion and motion / Sabine Flach ... (eds.)</subfield><subfield code="c">Sabine Flach ... (eds.)</subfield></datafield><datafield tag="250" ind1=" " ind2=" "><subfield code="a">1. ed.</subfield></datafield><datafield tag="260" ind1="3" ind2=" "><subfield code="a">Bern ; Berlin ; Frankfurt am Main [u.a.]</subfield><subfield code="b">Lang</subfield><subfield code="c">2010</subfield></datafield><datafield tag="300" ind1=" " ind2=" "><subfield code="a">260 Seiten</subfield><subfield code="b">Ill.</subfield><subfield code="c">24 cm</subfield></datafield><datafield tag="490" ind1="1" ind2=" "><subfield code="a">Natur, Wissenschaft und die Künste </subfield><subfield code="v">3</subfield></datafield><datafield tag="700" ind1="1" ind2=" "><subfield code="0">(DE-588)130606537</subfield><subfield code="0">(DE-Frei129)00132501</subfield><subfield code="a">Flach, Sabine</subfield><subfield code="4">oth</subfield></datafield><datafield tag="773" ind1="0" ind2="8"><subfield code="w">(DE-Frei129)58538203</subfield><subfield code="q">11</subfield></datafield><datafield tag="830" ind1=" " ind2="0"><subfield code="a">Natur, Wissenschaft und die Künste</subfield><subfield code="v">3</subfield><subfield code="w">(DE-Frei129)54005433</subfield><subfield code="9">13</subfield></datafield><datafield tag="852" ind1=" " ind2=" "><subfield code="a">Frei 129</subfield><subfield code="b">PHFR</subfield><subfield code="c">LB 58000 F571 -1</subfield></datafield><datafield tag="856" ind1="4" ind2=" "><subfield code="8">00</subfield><subfield code="u">http://d-nb.info/1008068543/04</subfield><subfield code="y">Inhaltsverzeichnis</subfield></datafield><datafield tag="980" ind1="0" ind2=" "><subfield code="a">00468218</subfield><subfield code="9">(PHFR)</subfield><subfield code="b">3.OG (37)</subfield><subfield code="c">LB 58000 F571 -1</subfield><subfield code="d">Standardleihe (01)</subfield><subfield code="e">Verfügbar (X)</subfield></datafield></record>
<record><leader>05880nam a2200000uu 4500</leader><controlfield tag="001">58504855</controlfield><controlfield tag="003">DE-Frei129</controlfield><controlfield tag="005">20220811084010.0</controlfield><controlfield tag="007">tu</controlfield><controlfield tag="008">190104s2010    ||||||||||||||||||||ger||</controlfield><datafield tag="020" ind1=" " ind2=" "><subfield code="a">9783120112792</subfield><subfield code="9">9783120112792</subfield></datafield><datafield tag="035" ind1=" " ind2=" "><subfield code="a">(DE-576)1645307093</subfield></datafield><datafield tag="041" ind1=" " ind2=" "><subfield code="a">ger</subfield></datafield><datafield tag="044" ind1=" " ind2=" "><subfield code="c">XA-DE</subfield></datafield><datafield tag="245" ind1="1" ind2="4"><subfield code="a">Die Fermi-Box</subfield><subfield code="n">5. bis 7. Klasse, Lehrerkommentar. [...]</subfield><subfield code="c">Andreas Büchter; Wilfried Herget; Timo Leuders; Jan Müller</subfield></datafield><datafield tag="250" ind1=" " ind2=" "><subfield code="a">1. Auflage</subfield></datafield><datafield tag="260" ind1="3" ind2=" "><subfield code="a">Stuttgart</subfield><subfield code="a">Stuttgart ; [Leipzig]</subfield><subfield code="b">Verlag für Pädagogische Medien (VPM)</subfield><subfield code="b">Klett</subfield><subfield code="c">2010</subfield></datafield><datafield tag="300" ind1=" " ind2=" "><subfield code="a">80 Aufgabenkarten, 4 Strategiekarten (in Box)</subfield><subfield code="b">Ill</subfield><subfield code="e">Lehrerkommentar (208 S.) (in Box)</subfield></datafield><datafield tag="490" ind1="0" ind2=" "><subfield code="a">Mathematik lehren</subfield></datafield><datafield tag="500" ind1=" " ind2=" "><subfield code="a">Literaturverz. S. 206 - 207. - Hier auch später erschienene, unveränderte Nachdrucke</subfield></datafield><datafield tag="500" ind1=" " ind2=" "><subfield code="a">Archivierung/Langzeitarchivierung gewährleistet</subfield></datafield><datafield tag="500" ind1=" " ind2=" "><subfield code="a">Archivierung prüfen</subfield></datafield><datafield tag="650" ind1=" " ind2="7"><subfield code="a">Mathematikunterricht</subfield><subfield code="0">(DE-Frei129)00016130</subfield><subfield code="0">(DE-588)4037949-8</subfield><subfield code="2">gnd</subfield></datafield><datafield tag="650" ind1=" " ind2="7"><subfield code="a">Alltagswissen</subfield><subfield code="0">(DE-Frei129)00035345</subfield><subfield code="0">(DE-588)4112497-2</subfield><subfield code="2">gnd</subfield></datafield><datafield tag="650" ind1=" " ind2="7"><subfield code="a">Mathematik</subfield><subfield code="0">(DE-Frei129)00000979</subfield><subfield code="0">(DE-588)4037944-9</subfield><subfield code="2">gnd</subfield></datafield><datafield tag="650" ind1=" " ind2="7"><subfield code="a">Aufgabe</subfield><subfield code="0">(DE-Frei129)00042496</subfield><subfield code="0">(DE-588)4126116-1</subfield><subfield code="2">gnd</subfield></datafield><datafield tag="650" ind1=" " ind2="7"><subfield code="a">Problemlösen</subfield><subfield code="0">(DE-Frei129)00007026</subfield><subfield code="0">(DE-588)4076358-4</subfield><subfield code="2">gnd</subfield></datafield><datafield tag="650" ind1=" " ind2="7"><subfield code="a">Sekundarstufe 1</subfield><subfield code="0">(DE-Frei129)00021625</subfield><subfield code="0">(DE-588)4054365-1</subfield><subfield code="2">gnd</subfield></datafield><datafield tag="689" ind1="0" ind2="0"><subfield code="0">(DE-588)4037949-8</subfield><subfield code="D">s</subfield><subfield code="a">Mathematikunterricht </subfield></datafield><datafield tag="689" ind1="0" ind2="1"><subfield code="0">(DE-588)4112497-2</subfield><subfield code="D">s</subfield><subfield code="a">Alltagswissen</subfield><subfield code="5">DE-101</subfield></datafield><datafield tag="689" ind1="1" ind2="0"><subfield code="0">(DE-588)4037944-9</subfield><subfield code="D">s</subfield><subfield code="a">Mathematik </subfield></datafield><datafield tag="689" ind1="1" ind2="1"><subfield code="0">(DE-588)4126116-1</subfield><subfield code="D">s</subfield><subfield code="a">Aufgabe </subfield></datafield><datafield tag="689" ind1="1" ind2="2"><subfield code="0">(DE-588)4076358-4</subfield><subfield code="D">s</subfield><subfield code="a">Problemlösen </subfield></datafield><datafield tag="689" ind1="1" ind2="3"><subfield code="0">(DE-588)4054365-1</subfield><subfield code="D">s</subfield><subfield code="a">Sekundarstufe 1</subfield><subfield code="5">DE-101</subfield></datafield><datafield tag="700" ind1="1" ind2=" "><subfield code="0">(DE-588)12986773X</subfield><subfield code="0">(DE-Frei129)00146111</subfield><subfield code="a">Büchter, Andreas</subfield><subfield code="4">oth</subfield></datafield><datafield tag="700" ind1="1" ind2=" "><subfield code="0">(DE-588)120707985</subfield><subfield code="0">(DE-Frei129)00531774</subfield><subfield code="a">Herget, Wilfried</subfield><subfield code="4">oth</subfield></datafield><datafield tag="700" ind1="1" ind2=" "><subfield code="0">(DE-588)124898289</subfield><subfield code="0">(DE-Frei129)00129765</subfield><subfield code="a">Leuders, Timo</subfield><subfield code="4">oth</subfield></datafield><datafield tag="700" ind1="1" ind2=" "><subfield code="0">(DE-Frei129)00246697</subfield><subfield code="a">Müller, Jan</subfield><subfield code="4">oth</subfield></datafield><datafield tag="852" ind1=" " ind2=" "><subfield code="a">Frei 129</subfield><subfield code="b">PHFR</subfield><subfield code="c">SM 750 F357</subfield></datafield><datafield tag="980" ind1="0" ind2=" "><subfield code="a">00487708</subfield><subfield code="9">(PHFR)</subfield><subfield code="b">EG-Anbau (32)</subfield><subfield code="c">SM 750 F357</subfield><subfield code="d">Standardleihe (01)</subfield><subfield code="e">ausgeliehen (A) - Fälligkeitsdatum: 05.08.2022</subfield></datafield></record>
<record><leader>04029nam a2200000uu 4500</leader><controlfield tag="001">58318863</controlfield><controlfield tag="003">DE-Frei129</controlfield><controlfield tag="005">20220811084010.0</controlfield><controlfield tag="007">tu</controlfield><controlfield tag="008">191113s2010    ||||||||||||||||||||ger||</controlfield><datafield tag="020" ind1=" " ind2=" "><subfield code="a">9783761424322</subfield><subfield code="9">9783761424322</subfield></datafield><datafield tag="035" ind1=" " ind2=" "><subfield code="a">(DE-576)1681776715</subfield></datafield><datafield tag="040" ind1=" " ind2=" "><subfield code="e">rda</subfield></datafield><datafield tag="041" ind1=" " ind2=" "><subfield code="a">ger</subfield></datafield><datafield tag="100" ind1="1" ind2=" "><subfield code="a">Eppenstein, Gisela</subfield><subfield code="0">(DE-Frei129)00129712</subfield><subfield code="4">aut</subfield></datafield><datafield tag="245" ind1="1" ind2="0"><subfield code="a">Prof. Dr. G. Rübel Fit im Kopfrechnen - Null Problemo</subfield><subfield code="c">Gisela Eppenstein; Hans J. Schmidt</subfield></datafield><datafield tag="250" ind1=" " ind2=" "><subfield code="a">3. unveränderte Auflage</subfield></datafield><datafield tag="264" ind1=" " ind2="4"><subfield code="a">Köln</subfield><subfield code="b">Aulis Verlag</subfield><subfield code="c">2010</subfield></datafield><datafield tag="300" ind1=" " ind2=" "><subfield code="a">112 Seiten</subfield><subfield code="b">Illustrationen</subfield></datafield><datafield tag="336" ind1=" " ind2=" "><subfield code="a">text</subfield><subfield code="b">txt</subfield><subfield code="2">rdacontent</subfield></datafield><datafield tag="337" ind1=" " ind2=" "><subfield code="a">unmediated</subfield><subfield code="b">n</subfield><subfield code="2">rdamedia</subfield></datafield><datafield tag="338" ind1=" " ind2=" "><subfield code="a">volume</subfield><subfield code="b">nc</subfield><subfield code="2">rdacarrier</subfield></datafield><datafield tag="490" ind1="0" ind2=" "><subfield code="a">Kopiervorlagen Mathematik</subfield></datafield><datafield tag="650" ind1=" " ind2="7"><subfield code="a">Kopfrechnen</subfield><subfield code="0">(DE-Frei129)00061330</subfield><subfield code="0">(DE-588)4165264-2</subfield><subfield code="2">gnd</subfield></datafield><datafield tag="650" ind1=" " ind2="7"><subfield code="a">Mathematikunterricht</subfield><subfield code="0">(DE-Frei129)00016130</subfield><subfield code="0">(DE-588)4037949-8</subfield><subfield code="2">gnd</subfield></datafield><datafield tag="650" ind1=" " ind2="7"><subfield code="a">Schuljahr 5-7</subfield><subfield code="0">(DE-Frei129)00074706</subfield><subfield code="0">(DE-588)4204170-3</subfield><subfield code="2">gnd</subfield></datafield><datafield tag="689" ind1="0" ind2="0"><subfield code="0">(DE-588)4165264-2</subfield><subfield code="D">s</subfield><subfield code="a">Kopfrechnen </subfield></datafield><datafield tag="689" ind1="0" ind2="1"><subfield code="0">(DE-588)4037949-8</subfield><subfield code="D">s</subfield><subfield code="a">Mathematikunterricht </subfield></datafield><datafield tag="689" ind1="0" ind2="2"><subfield code="0">(DE-588)4204170-3</subfield><subfield code="D">s</subfield><subfield code="a">Schuljahr 5-7</subfield><subfield code="5">DE-101</subfield></datafield><datafield tag="700" ind1="1" ind2=" "><subfield code="0">(DE-588)102728623</subfield><subfield code="0">(DE-Frei129)00049005</subfield><subfield code="a">Schmidt, Hans J.</subfield><subfield code="4">aut</subfield></datafield><datafield tag="852" ind1=" " ind2=" "><subfield code="a">Frei 129</subfield><subfield code="b">PHFR</subfield><subfield code="c">Math O 700: 117</subfield></datafield><datafield tag="980" ind1="0" ind2=" "><subfield code="a">00463514</subfield><subfield code="9">(PHFR)</subfield><subfield code="b">UG (33)</subfield><subfield code="c">Math O 700: 117</subfield><subfield code="d">Standardleihe (01)</subfield><subfield code="e">Verfügbar (X)</subfield></datafield></record>
<record><leader>02830nam a2200000uu 4500</leader><controlfield tag="001">58288549</controlfield><controlfield tag="003">DE-Frei129</controlfield><controlfield tag="005">20220811084010.0</controlfield><controlfield tag="007">tu</controlfield><controlfield tag="008">110404s2010    ||||||||||||||||||||ger||</controlfield><datafield tag="020" ind1=" " ind2=" "><subfield code="a">9783932908569</subfield><subfield code="9">9783932908569</subfield><subfield code="c">kart. : EUR 17,95</subfield></datafield><datafield tag="035" ind1=" " ind2=" "><subfield code="a">(DE-576)1609063856</subfield></datafield><datafield tag="041" ind1=" " ind2=" "><subfield code="a">ger</subfield></datafield><datafield tag="245" ind1="1" ind2="0"><subfield code="a">Ich bin dann mal schlank</subfield><subfield code="b">die Erfolgs-Methode</subfield><subfield code="c">Patric Heizmann. Mit Rezepten von Sebastian Benthe und Fotos von Udo Bojahr</subfield></datafield><datafield tag="250" ind1=" " ind2=" "><subfield code="a">2. Aufl.</subfield></datafield><datafield tag="260" ind1="3" ind2=" "><subfield code="a">Leipzig</subfield><subfield code="b">Draksal Fachverl.</subfield><subfield code="c">2010</subfield></datafield><datafield tag="300" ind1=" " ind2=" "><subfield code="a">204 Seiten</subfield><subfield code="b">Ill.</subfield></datafield><datafield tag="650" ind1=" " ind2="7"><subfield code="a">Gewichtsabnahme</subfield><subfield code="0">(DE-Frei129)00027091</subfield><subfield code="0">(DE-588)4140608-4</subfield><subfield code="2">gnd</subfield></datafield><datafield tag="689" ind1="0" ind2="0"><subfield code="0">(DE-588)4140608-4</subfield><subfield code="D">s</subfield><subfield code="a">Gewichtsabnahme</subfield><subfield code="5">DE-101</subfield></datafield><datafield tag="700" ind1="1" ind2=" "><subfield code="0">(DE-588)131619721</subfield><subfield code="0">(DE-Frei129)58098600</subfield><subfield code="a">Heizmann, Patric</subfield><subfield code="4">aut</subfield></datafield><datafield tag="700" ind1="1" ind2=" "><subfield code="0">(DE-Frei129)58098601</subfield><subfield code="a">Bojahr, Udo</subfield><subfield code="4">oth</subfield></datafield><datafield tag="700" ind1="1" ind2=" "><subfield code="0">(DE-Frei129)58098602</subfield><subfield code="a">Benthe, Sebastian</subfield><subfield code="4">oth</subfield></datafield><datafield tag="852" ind1=" " ind2=" "><subfield code="a">Frei 129</subfield><subfield code="b">PHFR</subfield><subfield code="c">ZE 43000 H473 (2)</subfield></datafield><datafield tag="980" ind1="0" ind2=" "><subfield code="a">00462420</subfield><subfield code="9">(PHFR)</subfield><subfield code="b">3.OG (37)</subfield><subfield code="c">ZE 43000 H473 (2)</subfield><subfield code="d">Standardleihe (01)</subfield><subfield code="e">Verfügbar (X)</subfield></datafield></record>
<record><leader>03662nam a2200000uu 4500</leader><controlfield tag="001">58240886</controlfield><controlfield tag="003">DE-Frei129</controlfield><controlfield tag="005">20220811084010.0</controlfield><controlfield tag="007">tu</controlfield><controlfield tag="008">100322s2010    ||||||||||||||||||||ger||</controlfield><datafield tag="020" ind1=" " ind2=" "><subfield code="a">9783473315444</subfield><subfield code="9">9783473315444</subfield><subfield code="c">kart. : EUR 7.95, sfr 14.50</subfield></datafield><datafield tag="024" ind1="3" ind2=" "><subfield code="a">9783473315444</subfield></datafield><datafield tag="035" ind1=" " ind2=" "><subfield code="a">(DE-576)1602189005</subfield></datafield><datafield tag="041" ind1=" " ind2=" "><subfield code="a">ger</subfield></datafield><datafield tag="044" ind1=" " ind2=" "><subfield code="c">XA-DE-BW</subfield><subfield code="c">XA-CH-AG</subfield></datafield><datafield tag="245" ind1="1" ind2="0"><subfield code="a">Unterwegs auf dem Bauernhof</subfield><subfield code="b">mit großen Suchklappen; [12-18 Monate]</subfield><subfield code="c">[Ill.: Monika Neubacher-Fesser. Text: Sabine Cuno]</subfield></datafield><datafield tag="250" ind1=" " ind2=" "><subfield code="a">[Nachdr.]</subfield></datafield><datafield tag="260" ind1="3" ind2=" "><subfield code="a">Ravensburg</subfield><subfield code="a">Würenlos</subfield><subfield code="b">Ravensburger Buchverl. Maier</subfield><subfield code="b">Carlit + Ravensburger</subfield><subfield code="c">[20]10</subfield></datafield><datafield tag="300" ind1=" " ind2=" "><subfield code="a">[16] Seiten</subfield><subfield code="b">überw. Ill.</subfield><subfield code="c">19 cm</subfield></datafield><datafield tag="490" ind1="0" ind2=" "><subfield code="a">Ministeps</subfield></datafield><datafield tag="500" ind1=" " ind2=" "><subfield code="a">Archivierung/Langzeitarchivierung gewährleistet</subfield></datafield><datafield tag="650" ind1=" " ind2="7"><subfield code="a">Bauernhof</subfield><subfield code="0">(DE-Frei129)00002887</subfield><subfield code="0">(DE-588)4004770-2</subfield><subfield code="2">gnd</subfield></datafield><datafield tag="650" ind1=" " ind2="7"><subfield code="a">Tiere</subfield><subfield code="0">(DE-Frei129)00004239</subfield><subfield code="0">(DE-588)4060087-7</subfield><subfield code="2">gnd</subfield></datafield><datafield tag="689" ind1="0" ind2="0"><subfield code="0">(DE-588)4004770-2</subfield><subfield code="D">s</subfield><subfield code="a">Bauernhof </subfield></datafield><datafield tag="689" ind1="0" ind2="1"><subfield code="0">(DE-588)4060087-7</subfield><subfield code="D">s</subfield><subfield code="a">Tiere</subfield><subfield code="5">DE-101</subfield></datafield><datafield tag="700" ind1="1" ind2=" "><subfield code="0">(DE-588)140992456</subfield><subfield code="0">(DE-Frei129)00098602</subfield><subfield code="a">Neubacher-Fesser, Monika</subfield><subfield code="4">oth</subfield></datafield><datafield tag="700" ind1="1" ind2=" "><subfield code="0">(DE-588)122871057</subfield><subfield code="0">(DE-Frei129)00255906</subfield><subfield code="a">Cuno, Sabine</subfield><subfield code="4">oth</subfield></datafield><datafield tag="852" ind1=" " ind2=" "><subfield code="a">Frei129</subfield><subfield code="c">ED 5540 N477 U6</subfield></datafield><datafield tag="980" ind1="0" ind2=" "><subfield code="a">00460048</subfield><subfield code="9">(PHFR)</subfield><subfield code="b">Handbibliothek (50)</subfield><subfield code="c">ED 5540 N477 U6</subfield><subfield code="d">Handbibliothek - nie verleihbar (54)</subfield><subfield code="e">Verfügbar (X)</subfield></datafield></record>
<record><leader>07382nam a2200000uu 4500</leader><controlfield tag="001">58173737</controlfield><controlfield tag="003">DE-Frei129</controlfield><controlfield tag="005">20220811084010.0</controlfield><controlfield tag="007">tu</controlfield><controlfield tag="008">100310s2010    ||||||||||||||||||||ger||</controlfield><datafield tag="015" ind1=" " ind2=" "><subfield code="a">10,N10</subfield></datafield><datafield tag="016" ind1="7" ind2=" "><subfield code="a">1000499626</subfield><subfield code="2">DE-101</subfield></datafield><datafield tag="020" ind1=" " ind2=" "><subfield code="a">9783781517325</subfield><subfield code="9">9783781517325</subfield><subfield code="c">Broschur : EUR 17.90</subfield></datafield><datafield tag="020" ind1=" " ind2=" "><subfield code="a">3781517322</subfield><subfield code="9">3781517322</subfield></datafield><datafield tag="020" ind1=" " ind2=" "><subfield code="a">9783781550179 (On</subfield><subfield code="9">9783781550179 (On</subfield></datafield><datafield tag="024" ind1="3" ind2=" "><subfield code="a">9783781517325</subfield></datafield><datafield tag="024" ind1="8" ind2=" "><subfield code="a">160233675X</subfield></datafield><datafield tag="035" ind1=" " ind2=" "><subfield code="a">(DE-576)620826460</subfield></datafield><datafield tag="040" ind1=" " ind2=" "><subfield code="e">rda</subfield></datafield><datafield tag="041" ind1=" " ind2=" "><subfield code="a">ger</subfield></datafield><datafield tag="044" ind1=" " ind2=" "><subfield code="c">XA-DE-BY</subfield></datafield><datafield tag="245" ind1="1" ind2="0"><subfield code="a">Sachunterricht und frühe Bildung</subfield><subfield code="c">herausgegeben von Hans-Joachim Fischer, Peter Gansen und Kerstin Michalik</subfield></datafield><datafield tag="264" ind1=" " ind2="4"><subfield code="a">Bad Heilbrunn</subfield><subfield code="b">Verlag Julius Klinkhardt</subfield><subfield code="c">2010</subfield></datafield><datafield tag="300" ind1=" " ind2=" "><subfield code="a">248 Seiten</subfield><subfield code="b">Illustrationen, Diagramme</subfield><subfield code="c">21 cm</subfield></datafield><datafield tag="336" ind1=" " ind2=" "><subfield code="a">text</subfield><subfield code="b">txt</subfield><subfield code="2">rdacontent</subfield></datafield><datafield tag="337" ind1=" " ind2=" "><subfield code="a">unmediated</subfield><subfield code="b">n</subfield><subfield code="2">rdamedia</subfield></datafield><datafield tag="338" ind1=" " ind2=" "><subfield code="a">volume</subfield><subfield code="b">nc</subfield><subfield code="2">rdacarrier</subfield></datafield><datafield tag="490" ind1="1" ind2=" "><subfield code="a">Forschungen zur Didaktik des Sachunterrichts </subfield><subfield code="v">Band 9</subfield></datafield><datafield tag="500" ind1=" " ind2=" "><subfield code="a">Literaturangaben</subfield></datafield><datafield tag="500" ind1=" " ind2=" "><subfield code="a">Archivierung prüfen</subfield></datafield><datafield tag="650" ind1=" " ind2="7"><subfield code="a">Kind</subfield><subfield code="0">(DE-Frei129)00001633</subfield><subfield code="0">(DE-588)4030550-8</subfield><subfield code="2">gnd</subfield></datafield><datafield tag="650" ind1=" " ind2="7"><subfield code="a">Weltbild</subfield><subfield code="0">(DE-Frei129)00026089</subfield><subfield code="0">(DE-588)4065352-3</subfield><subfield code="2">gnd</subfield></datafield><datafield tag="650" ind1=" " ind2="7"><subfield code="a">Sachunterricht</subfield><subfield code="0">(DE-Frei129)00010867</subfield><subfield code="0">(DE-588)4051158-3</subfield><subfield code="2">gnd</subfield></datafield><datafield tag="650" ind1=" " ind2="7"><subfield code="a">Vorschulerziehung</subfield><subfield code="0">(DE-Frei129)00025677</subfield><subfield code="0">(DE-588)4064016-4</subfield><subfield code="2">gnd</subfield></datafield><datafield tag="650" ind1=" " ind2="7"><subfield code="a">Grundschule</subfield><subfield code="0">(DE-Frei129)00010240</subfield><subfield code="0">(DE-588)4022349-8</subfield><subfield code="2">gnd</subfield></datafield><datafield tag="689" ind1="0" ind2="0"><subfield code="0">(DE-588)4030550-8</subfield><subfield code="D">s</subfield><subfield code="a">Kind </subfield></datafield><datafield tag="689" ind1="0" ind2="1"><subfield code="0">(DE-588)4065352-3</subfield><subfield code="D">s</subfield><subfield code="a">Weltbild </subfield></datafield><datafield tag="689" ind1="0" ind2="2"><subfield code="0">(DE-588)4051158-3</subfield><subfield code="D">s</subfield><subfield code="a">Sachunterricht </subfield></datafield><datafield tag="689" ind1="0" ind2="3"><subfield code="0">(DE-588)4064016-4</subfield><subfield code="D">s</subfield><subfield code="a">Vorschulerziehung </subfield></datafield><datafield tag="689" ind1="0" ind2="4"><subfield code="0">(DE-588)4022349-8</subfield><subfield code="D">s</subfield><subfield code="a">Grundschule</subfield><subfield code="5">DE-101</subfield></datafield><datafield tag="700" ind1="1" ind2=" "><subfield code="0">(DE-588)124202160</subfield><subfield code="0">(DE-Frei129)00770739</subfield><subfield code="a">Fischer, Hans-Joachim</subfield><subfield code="4">Hrsg.</subfield></datafield><datafield tag="700" ind1="1" ind2=" "><subfield code="0">(DE-588)141140216</subfield><subfield code="0">(DE-Frei129)00509124</subfield><subfield code="a">Gansen, Peter</subfield><subfield code="4">Hrsg.</subfield></datafield><datafield tag="700" ind1="1" ind2=" "><subfield code="0">(DE-588)128749601</subfield><subfield code="0">(DE-Frei129)01210072</subfield><subfield code="a">Michalik, Kerstin</subfield><subfield code="4">Hrsg.</subfield></datafield><datafield tag="776" ind1="0" ind2="8"><subfield code="a">herausgegeben von Hans-Joachim Fischer, Peter Gansen und Kerstin Michalik</subfield><subfield code="i">Erscheint auch als Online-Ausgabe</subfield><subfield code="t">Sachunterricht und frühe Bildung</subfield><subfield code="w">(DE-Frei129)02516167</subfield><subfield code="w">(DE-576)769965512</subfield></datafield><datafield tag="830" ind1=" " ind2="0"><subfield code="a">Forschungen zur Didaktik des Sachunterrichts</subfield><subfield code="v">Band 9</subfield><subfield code="w">(DE-Frei129)00181153</subfield><subfield code="9">19</subfield></datafield><datafield tag="852" ind1=" " ind2=" "><subfield code="a">Frei 129</subfield><subfield code="b">PHFR</subfield><subfield code="c">Paed M 120: 26</subfield></datafield><datafield tag="856" ind1="4" ind2=" "><subfield code="8">00</subfield><subfield code="u">http://d-nb.info/1000499626/04</subfield><subfield code="y">Inhaltsverzeichnis</subfield></datafield><datafield tag="856" ind1="4" ind2=" "><subfield code="8">01</subfield><subfield code="u">http://www.blickinsbuch.de/item/6f20d21ba51c541cb263c9ebe61b0987</subfield><subfield code="y">Verlagsinformation</subfield></datafield><datafield tag="856" ind1="4" ind2=" "><subfield code="8">02</subfield><subfield code="u">http://d-nb.info/1000499626/04</subfield><subfield code="y">Inhaltsverzeichnis</subfield></datafield><datafield tag="980" ind1="0" ind2=" "><subfield code="a">00204932</subfield><subfield code="9">(PHFR)</subfield><subfield code="b">EG-Anbau (32)</subfield><subfield code="c">Paed M 120: 26</subfield><subfield code="d">Standardleihe (01)</subfield><subfield code="e">ausgeliehen (A) - Fälligkeitsdatum: 29.08.2022</subfield></datafield></record>
<record><leader>05148nam a2200000uu 4500</leader><controlfield tag="001">58170296</controlfield><controlfield tag="003">DE-Frei129</controlfield><controlfield tag="005">20220811084010.0</controlfield><controlfield tag="007">tu</controlfield><controlfield tag="008">091022s2010    ||||||||||||||||||||ger||</controlfield><datafield tag="015" ind1=" " ind2=" "><subfield code="a">10,A05</subfield></datafield><datafield tag="016" ind1="7" ind2=" "><subfield code="a">997426829</subfield><subfield code="2">DE-101</subfield></datafield><datafield tag="020" ind1=" " ind2=" "><subfield code="a">9783473328178</subfield><subfield code="9">9783473328178</subfield><subfield code="c">spiralgeh. : EUR 8.95 (DE), EUR 9.20 (AT), sfr 17.30 (freier Pr.)</subfield></datafield><datafield tag="024" ind1="3" ind2=" "><subfield code="a">9783473328178</subfield></datafield><datafield tag="035" ind1=" " ind2=" "><subfield code="a">(DE-576)611230690</subfield></datafield><datafield tag="041" ind1=" " ind2=" "><subfield code="a">ger</subfield></datafield><datafield tag="044" ind1=" " ind2=" "><subfield code="c">XA-DE-BW</subfield><subfield code="c">XA-CH-AG</subfield></datafield><datafield tag="100" ind1="1" ind2=" "><subfield code="a">Möller, Anne</subfield><subfield code="0">(DE-Frei129)00133852</subfield><subfield code="0">(DE-588)122842901</subfield></datafield><datafield tag="245" ind1="1" ind2="0"><subfield code="a">Im Streichelzoo</subfield><subfield code="c">[Ill. und Text: Anne Möller]</subfield></datafield><datafield tag="260" ind1="3" ind2=" "><subfield code="a">Ravensburg</subfield><subfield code="b">Ravensburger Buchverl. Maier</subfield><subfield code="c">2010</subfield></datafield><datafield tag="300" ind1=" " ind2=" "><subfield code="a">[16] Seiten</subfield><subfield code="b">überw. Ill.</subfield><subfield code="c">20 cm</subfield></datafield><datafield tag="490" ind1="1" ind2=" "><subfield code="a">Wieso? Weshalb? Warum? Junior </subfield><subfield code="v">35</subfield></datafield><datafield tag="500" ind1=" " ind2=" "><subfield code="a">Hier auch später erschienene, unveränderte Nachdrucke, Auflagen.</subfield></datafield><datafield tag="500" ind1=" " ind2=" "><subfield code="a">IMD-Felder maschinell generiert (GBV)</subfield></datafield><datafield tag="500" ind1=" " ind2=" "><subfield code="a">Archivierung/Langzeitarchivierung gewährleistet</subfield></datafield><datafield tag="520" ind1=" " ind2=" "><subfield code="a">Auf einem grossen Übersichtsbild überblickt man zunächst den kleinen Streichelzoo. Auf den Folgeseiten werden die einzelnen Tierarten dann kurz vorgestellt: die Schweine (Hängebauch- und Hausschweine), die sich genüsslich im Dreck suhlen, Schafe und freche Ziegen, Ponys und Esel, Hühner mit ihren Küken, Gänse und Enten und zuletzt Kaninchen und Meerschweinchen, die sich grinsend um den Futternapf scharen. Die abschliessenden kurzen Verhaltensregeln im Umgang mit Streichelzoo-Tieren sind eine wichtige Ergänzung. Auf allen Seiten hat sich eine Gans versteckt, die die Kinder suchen können. Die Einschränkung des Zoothemas auf den Streichelzoo ist im Kindersachbuchbereich sowohl einzigartig als auch clever und sinnvoll gewählt: Wie hätte man auf 8 kleinen Doppelseiten einen richtigen, grossen Zoo darstellen sollen? Ausserdem ist der angestrebten jungen Zielgruppe mit einigen wenigen Tierarten schon voll und ganz gedient. Illustrationen und Klappen ergänzen die kurzen Texte reihenüblich. Empfohlen</subfield></datafield><datafield tag="650" ind1=" " ind2="7"><subfield code="a">Streichelzoo</subfield><subfield code="0">(DE-Frei129)01131212</subfield><subfield code="0">(DE-588)4496327-0</subfield><subfield code="2">gnd</subfield></datafield><datafield tag="689" ind1="0" ind2="0"><subfield code="0">(DE-588)4496327-0</subfield><subfield code="D">s</subfield><subfield code="a">Streichelzoo</subfield><subfield code="5">DE-101</subfield></datafield><datafield tag="830" ind1=" " ind2="0"><subfield code="a">Wieso? Weshalb? Warum?</subfield><subfield code="v">35</subfield><subfield code="w">(DE-Frei129)01281841</subfield><subfield code="9">235</subfield></datafield><datafield tag="852" ind1=" " ind2=" "><subfield code="a">Frei 129</subfield><subfield code="b">PHFR</subfield><subfield code="c">ED 5540 M693</subfield></datafield><datafield tag="856" ind1="4" ind2=" "><subfield code="8">00</subfield><subfield code="u">http://deposit.d-nb.de/cgi-bin/dokserv?id=3364833&amp;prov=M&amp;dok_var=1&amp;dok_ext=htm</subfield><subfield code="y">Inhaltstext</subfield></datafield><datafield tag="856" ind1="4" ind2=" "><subfield code="8">01</subfield><subfield code="u">http://deposit.d-nb.de/cgi-bin/dokserv?id=3364833&amp;prov=M&amp;dok_var=1&amp;dok_ext=htm</subfield><subfield code="y">Verlagsinformation</subfield></datafield><datafield tag="980" ind1="0" ind2=" "><subfield code="a">00457995</subfield><subfield code="9">(PHFR)</subfield><subfield code="b">Handbibliothek (50)</subfield><subfield code="c">ED 5540 M693</subfield><subfield code="d">Handbibliothek - nie verleihbar (54)</subfield><subfield code="e">Verfügbar (X)</subfield></datafield></record>
<record><leader>06531nam a2200000uu 4500</leader><controlfield tag="001">58143787</controlfield><controlfield tag="003">DE-Frei129</controlfield><controlfield tag="005">20220811084010.0</controlfield><controlfield tag="007">tu</controlfield><controlfield tag="008">100527s2010    ||||||||||||||||||||ger||</controlfield><datafield tag="016" ind1="7" ind2=" "><subfield code="a">1002585066</subfield><subfield code="2">DE-101</subfield></datafield><datafield tag="020" ind1=" " ind2=" "><subfield code="a">9783788724702</subfield><subfield code="9">9783788724702</subfield><subfield code="c">kt. : Eur 29.90 (D), EUR 27.40 (A), (Preis bei Abnahme der Reihe), ca. EUR 23.10 (D), ca. EUR 25.60 (A) (Preis bei Abnahme der Reihe), sFr 49.10 (freier Pr.)</subfield></datafield><datafield tag="035" ind1=" " ind2=" "><subfield code="a">(DE-576)626841798</subfield></datafield><datafield tag="041" ind1=" " ind2=" "><subfield code="a">ger</subfield></datafield><datafield tag="044" ind1=" " ind2=" "><subfield code="c">XA-DE-NW</subfield></datafield><datafield tag="245" ind1="1" ind2="0"><subfield code="a">Was letztlich zählt - Eschatologie</subfield><subfield code="c">hrsg. von Rudolf Englert ...</subfield></datafield><datafield tag="260" ind1="3" ind2=" "><subfield code="a">Neukirchen-Vluyn</subfield><subfield code="b">Neukirchener Theologie</subfield><subfield code="c">2010</subfield></datafield><datafield tag="300" ind1=" " ind2=" "><subfield code="a">272 Seiten , [4] Blatt</subfield><subfield code="b">Ill., graph. Darst.</subfield><subfield code="c">220 mm x 145 mm</subfield></datafield><datafield tag="500" ind1=" " ind2=" "><subfield code="a">IMD-Felder maschinell generiert (GBV)</subfield></datafield><datafield tag="650" ind1=" " ind2="7"><subfield code="a">Eschatologie</subfield><subfield code="0">(DE-Frei129)00001536</subfield><subfield code="0">(DE-588)4015508-0</subfield><subfield code="2">gnd</subfield></datafield><datafield tag="650" ind1=" " ind2="7"><subfield code="a">Aufsatzsammlung</subfield><subfield code="0">(DE-Frei129)00148893</subfield><subfield code="0">(DE-588)4143413-4</subfield><subfield code="2">gnd</subfield></datafield><datafield tag="650" ind1=" " ind2="7"><subfield code="a">Judentum</subfield><subfield code="0">(DE-Frei129)00004915</subfield><subfield code="0">(DE-588)4114087-4</subfield><subfield code="2">gnd</subfield></datafield><datafield tag="650" ind1=" " ind2="7"><subfield code="a">Islam</subfield><subfield code="0">(DE-Frei129)00012330</subfield><subfield code="0">(DE-588)4027743-4</subfield><subfield code="2">gnd</subfield></datafield><datafield tag="650" ind1=" " ind2="7"><subfield code="a">Buddhismus</subfield><subfield code="0">(DE-Frei129)00004564</subfield><subfield code="0">(DE-588)4008690-2</subfield><subfield code="2">gnd</subfield></datafield><datafield tag="650" ind1=" " ind2="7"><subfield code="a">Religionspädagogik</subfield><subfield code="0">(DE-Frei129)00020486</subfield><subfield code="0">(DE-588)4049412-3</subfield><subfield code="2">gnd</subfield></datafield><datafield tag="650" ind1=" " ind2="7"><subfield code="a">Religionsunterricht</subfield><subfield code="0">(DE-Frei129)00013894</subfield><subfield code="0">(DE-588)4049422-6</subfield><subfield code="2">gnd</subfield></datafield><datafield tag="689" ind1="0" ind2="0"><subfield code="0">(DE-588)4015508-0</subfield><subfield code="D">s</subfield><subfield code="a">Eschatologie </subfield></datafield><datafield tag="689" ind1="0" ind2="1"><subfield code="0">(DE-588)4143413-4</subfield><subfield code="D">s</subfield><subfield code="a">Aufsatzsammlung</subfield><subfield code="5">DE-101</subfield></datafield><datafield tag="689" ind1="1" ind2="0"><subfield code="0">(DE-588)4015508-0</subfield><subfield code="D">s</subfield><subfield code="a">Eschatologie </subfield></datafield><datafield tag="689" ind1="1" ind2="1"><subfield code="0">(DE-588)4114087-4</subfield><subfield code="D">s</subfield><subfield code="a">Judentum </subfield></datafield><datafield tag="689" ind1="1" ind2="2"><subfield code="0">(DE-588)4027743-4</subfield><subfield code="D">s</subfield><subfield code="a">Islam </subfield></datafield><datafield tag="689" ind1="1" ind2="3"><subfield code="0">(DE-588)4008690-2</subfield><subfield code="D">s</subfield><subfield code="a">Buddhismus </subfield></datafield><datafield tag="689" ind1="1" ind2="4"><subfield code="0">(DE-588)4143413-4</subfield><subfield code="D">s</subfield><subfield code="a">Aufsatzsammlung</subfield><subfield code="5">DE-101</subfield></datafield><datafield tag="689" ind1="2" ind2="0"><subfield code="0">(DE-588)4015508-0</subfield><subfield code="D">s</subfield><subfield code="a">Eschatologie </subfield></datafield><datafield tag="689" ind1="2" ind2="1"><subfield code="0">(DE-588)4049412-3</subfield><subfield code="D">s</subfield><subfield code="a">Religionspädagogik </subfield></datafield><datafield tag="689" ind1="2" ind2="2"><subfield code="0">(DE-588)4049422-6</subfield><subfield code="D">s</subfield><subfield code="a">Religionsunterricht </subfield></datafield><datafield tag="689" ind1="2" ind2="3"><subfield code="0">(DE-588)4143413-4</subfield><subfield code="D">s</subfield><subfield code="a">Aufsatzsammlung</subfield><subfield code="5">DE-101</subfield></datafield><datafield tag="700" ind1="1" ind2=" "><subfield code="0">(DE-588)133310329</subfield><subfield code="0">(DE-Frei129)00166666</subfield><subfield code="a">Englert, Rudolf</subfield><subfield code="4">oth</subfield></datafield><datafield tag="830" ind1=" " ind2="0"><subfield code="a">Jahrbuch der Religionspädagogik</subfield><subfield code="v">26.2010</subfield><subfield code="w">(DE-Frei129)00080967</subfield><subfield code="9">226 42010</subfield></datafield><datafield tag="852" ind1=" " ind2=" "><subfield code="a">Frei 129</subfield><subfield code="b">PHFR</subfield><subfield code="c">BU 4300 E58</subfield></datafield><datafield tag="856" ind1="4" ind2=" "><subfield code="8">00</subfield><subfield code="u">http://d-nb.info/1002585066/04</subfield><subfield code="y">Inhaltsverzeichnis</subfield></datafield><datafield tag="980" ind1="0" ind2=" "><subfield code="a">00456415</subfield><subfield code="9">(PHFR)</subfield><subfield code="b">UG (33)</subfield><subfield code="c">BU 4300 E58</subfield><subfield code="d">Standardleihe (01)</subfield><subfield code="e">ausgeliehen (A) - Fälligkeitsdatum: 09.08.2022</subfield></datafield><datafield tag="980" ind1="0" ind2=" "><subfield code="z">26.2010</subfield></datafield></record>
<record><leader>06324nam a2200000uu 4500</leader><controlfield tag="001">58116056</controlfield><controlfield tag="003">DE-Frei129</controlfield><controlfield tag="005">20220811084010.0</controlfield><controlfield tag="007">tu</controlfield><controlfield tag="008">100107s2010    ||||||||||||||||||||ger||</controlfield><datafield tag="015" ind1=" " ind2=" "><subfield code="a">10,A14</subfield></datafield><datafield tag="016" ind1="7" ind2=" "><subfield code="a">998915564</subfield><subfield code="2">DE-101</subfield></datafield><datafield tag="020" ind1=" " ind2=" "><subfield code="a">9783258600055</subfield><subfield code="9">9783258600055</subfield><subfield code="c">Pp. : EUR 39.90 (DE), EUR 41.10 (AT), sfr 64.90 (freier Pr.)</subfield></datafield><datafield tag="024" ind1="3" ind2=" "><subfield code="a">9783258600055</subfield></datafield><datafield tag="035" ind1=" " ind2=" "><subfield code="a">(DE-576)615971229</subfield></datafield><datafield tag="041" ind1=" " ind2=" "><subfield code="a">ger</subfield></datafield><datafield tag="044" ind1=" " ind2=" "><subfield code="c">XA-CH</subfield><subfield code="c">XA-DE</subfield><subfield code="c">XA-AT</subfield></datafield><datafield tag="100" ind1="1" ind2=" "><subfield code="a">Juricic, Iva</subfield><subfield code="0">(DE-Frei129)58030281</subfield><subfield code="0">(DE-588)14090719X</subfield></datafield><datafield tag="245" ind1="1" ind2="0"><subfield code="a">Faszination Glasperlen</subfield><subfield code="b">Geschichte und Techniken der Glasperlenherstellung</subfield><subfield code="c">Iva Juricic</subfield></datafield><datafield tag="260" ind1="3" ind2=" "><subfield code="a">Bern ; Stuttgart ; Wien</subfield><subfield code="b">Haupt</subfield><subfield code="c">2010</subfield></datafield><datafield tag="300" ind1=" " ind2=" "><subfield code="a">231 Seiten</subfield><subfield code="b">zahlr. Ill.</subfield><subfield code="c">27 cm</subfield></datafield><datafield tag="500" ind1=" " ind2=" "><subfield code="a">IMD-Felder maschinell generiert (GBV)</subfield></datafield><datafield tag="500" ind1=" " ind2=" "><subfield code="a">Archivierung/Langzeitarchivierung gewährleistet</subfield></datafield><datafield tag="500" ind1=" " ind2=" "><subfield code="a">Ansicht erl.</subfield></datafield><datafield tag="520" ind1=" " ind2=" "><subfield code="a">Grundlegendes Werkstattbuch zur Herstellung von Glasperlen aus Glasstäben in zahlreichen Techniken mittels Ein-oder Zweigasbrenner. Mit einer informativen Einführung in Geschichte und Bedeutung der Glasperlen in verschiedenen Kulturkreisen. (Gesa Götz)</subfield></datafield><datafield tag="520" ind1=" " ind2=" "><subfield code="a">Zum anspruchsvollen Thema der Glasperlenherstellung erschien im selben Verlag von Cindy Jenkins der Band &quot;Glasperlen&quot; (ID 24/99, 2. veränderte Auflage 2007) und kürzlich der TOPP-Titel &quot;Glasperlen &amp; Glasschmuck selbermachen&quot; (ID 9/10). Als technisches Standardwerk jedoch kann dieser Titel gelten, geht er doch bei doppeltem Umfang (und Preis!) und Verzicht auf Künstlergalerie oder gar Projektteil, wie ihn der letztgenannte Vergleichstitel anbietet, sehr detailliert auf Arbeitsplatz, Ausrüstung, Werkzeug, Sicherheitsmaßnahmen, Materialkunde und Farbenlehre ein, bevor minutiös die verschiedenen Techniken anhand exemplarischer Musterperlen beschrieben werden. Begleitet von ausgezeichneten Fotosequenzen wird zunächst die Herstellung einer Basisperle in der grundlegenden Wickeltechnik gezeigt und darauf aufbauend diverse Spezialtechniken, wie Scheiben- und Hohlperlen, figürliche Perlen und zahlreiche Dekortechniken. Dazu eine interessante Einführung in Geschichte und Bedeutung der Glasperlenherstellung in aller Welt, Glossar, Literaturverzeichnis und Bezugsquellen. Für Kunsthandwerk und Kursarbeit. (3) (Gesa Götz)</subfield></datafield><datafield tag="650" ind1=" " ind2="7"><subfield code="a">Glasperle</subfield><subfield code="0">(DE-Frei129)00058472</subfield><subfield code="0">(DE-588)4157454-0</subfield><subfield code="2">gnd</subfield></datafield><datafield tag="650" ind1=" " ind2="7"><subfield code="a">Herstellung</subfield><subfield code="0">(DE-Frei129)00008013</subfield><subfield code="0">(DE-588)4159653-5</subfield><subfield code="2">gnd</subfield></datafield><datafield tag="650" ind1=" " ind2="7"><subfield code="a">Modeschmuck</subfield><subfield code="0">(DE-Frei129)00036830</subfield><subfield code="0">(DE-588)4114618-9</subfield><subfield code="2">gnd</subfield></datafield><datafield tag="650" ind1=" " ind2="7"><subfield code="a">Basteln</subfield><subfield code="0">(DE-Frei129)00002815</subfield><subfield code="0">(DE-588)4004668-0</subfield><subfield code="2">gnd</subfield></datafield><datafield tag="689" ind1="0" ind2="0"><subfield code="0">(DE-588)4157454-0</subfield><subfield code="D">s</subfield><subfield code="a">Glasperle </subfield></datafield><datafield tag="689" ind1="0" ind2="1"><subfield code="0">(DE-588)4159653-5</subfield><subfield code="D">s</subfield><subfield code="a">Herstellung</subfield><subfield code="5">DE-101</subfield></datafield><datafield tag="689" ind1="1" ind2="0"><subfield code="0">(DE-588)4114618-9</subfield><subfield code="D">s</subfield><subfield code="a">Modeschmuck </subfield></datafield><datafield tag="689" ind1="1" ind2="1"><subfield code="0">(DE-588)4157454-0</subfield><subfield code="D">s</subfield><subfield code="a">Glasperle </subfield></datafield><datafield tag="689" ind1="1" ind2="2"><subfield code="0">(DE-588)4004668-0</subfield><subfield code="D">s</subfield><subfield code="a">Basteln</subfield><subfield code="5">DE-101</subfield></datafield><datafield tag="852" ind1=" " ind2=" "><subfield code="a">Frei 129</subfield><subfield code="b">PHFR</subfield><subfield code="c">LH 78730 J95</subfield></datafield><datafield tag="856" ind1="4" ind2=" "><subfield code="8">00</subfield><subfield code="u">http://d-nb.info/998915564/04</subfield><subfield code="y">Inhaltsverzeichnis</subfield></datafield><datafield tag="980" ind1="0" ind2=" "><subfield code="a">00455242</subfield><subfield code="9">(PHFR)</subfield><subfield code="b">2.OG (35)</subfield><subfield code="c">LH 78730 J95</subfield><subfield code="d">Standardleihe (01)</subfield><subfield code="e">Verfügbar (X)</subfield></datafield></record>
<record><leader>02451nam a2200000uuc4500</leader><controlfield tag="001">58099199</controlfield><controlfield tag="003">DE-Frei129</controlfield><controlfield tag="005">20220811084010.0</controlfield><controlfield tag="007">tu</controlfield><controlfield tag="008">101119s2010    ||||||||||||||||||||ger||</controlfield><datafield tag="020" ind1=" " ind2=" "><subfield code="a">9783861213062</subfield><subfield code="9">9783861213062</subfield><subfield code="c">: EUR 5,90</subfield></datafield><datafield tag="035" ind1=" " ind2=" "><subfield code="a">(DE-576)640222471</subfield></datafield><datafield tag="041" ind1=" " ind2=" "><subfield code="a">ger</subfield><subfield code="a">tur</subfield></datafield><datafield tag="044" ind1=" " ind2=" "><subfield code="c">XA-DE</subfield></datafield><datafield tag="245" ind1="1" ind2="0"><subfield code="a">Pilot</subfield><subfield code="n">3, Arbeitsh.=Çalışma defteri</subfield><subfield code="c">Mete Atay ; Ulaş Atay</subfield></datafield><datafield tag="260" ind1="3" ind2=" "><subfield code="a">Hückelhoven</subfield><subfield code="b">Schulbuchverl. Anadolu</subfield><subfield code="c">2010</subfield></datafield><datafield tag="300" ind1=" " ind2=" "><subfield code="a">63  Seiten</subfield><subfield code="b">Ill.</subfield></datafield><datafield tag="500" ind1=" " ind2=" "><subfield code="a">IMD-Felder maschinell generiert (GBV)</subfield></datafield><datafield tag="700" ind1="1" ind2=" "><subfield code="0">(DE-Frei129)58026947</subfield><subfield code="a">Atay, Mete</subfield><subfield code="4">aut</subfield></datafield><datafield tag="700" ind1="1" ind2=" "><subfield code="0">(DE-Frei129)58026948</subfield><subfield code="a">Atay, Ulaş</subfield><subfield code="4">aut</subfield></datafield><datafield tag="773" ind1="0" ind2="8"><subfield code="w">(DE-Frei129)58099196</subfield><subfield code="q">13A.2010</subfield></datafield><datafield tag="852" ind1=" " ind2=" "><subfield code="a">Frei 129</subfield><subfield code="b">PHFR</subfield><subfield code="c">Fre W 500: 18 A,3</subfield></datafield><datafield tag="980" ind1="0" ind2=" "><subfield code="a">00455015</subfield><subfield code="9">(PHFR)</subfield><subfield code="b">Handbibliothek (50)</subfield><subfield code="c">Fre W 500: 18 A,3</subfield><subfield code="d">Handbibliothek - nie verleihbar (54)</subfield><subfield code="e">Verfügbar (X)</subfield><subfield code="x">2018</subfield></datafield></record>
<record><leader>05174nam a2200000uu 4500</leader><controlfield tag="001">58067734</controlfield><controlfield tag="003">DE-Frei129</controlfield><controlfield tag="005">20220811084010.0</controlfield><controlfield tag="007">tu</controlfield><controlfield tag="008">090527s2010    ||||||||||||||||||||ger||</controlfield><datafield tag="015" ind1=" " ind2=" "><subfield code="a">10,A16</subfield></datafield><datafield tag="016" ind1="7" ind2=" "><subfield code="a">994244177</subfield><subfield code="2">DE-101</subfield></datafield><datafield tag="020" ind1=" " ind2=" "><subfield code="a">9783462041781</subfield><subfield code="9">9783462041781</subfield><subfield code="c">kart. : EUR 8.95 (DE), EUR 9.20 (AT), sfr 16.50 (freier Pr.)</subfield></datafield><datafield tag="024" ind1="3" ind2=" "><subfield code="a">9783462041781</subfield></datafield><datafield tag="035" ind1=" " ind2=" "><subfield code="a">(DE-576)600527018</subfield></datafield><datafield tag="041" ind1=" " ind2=" "><subfield code="a">ger</subfield></datafield><datafield tag="044" ind1=" " ind2=" "><subfield code="c">XA-DE-NW</subfield></datafield><datafield tag="245" ind1="1" ind2="0"><subfield code="a">Joseph Roth in Berlin</subfield><subfield code="b">ein Lesebuch für Spaziergänger</subfield><subfield code="c">Michael Bienert</subfield></datafield><datafield tag="250" ind1=" " ind2=" "><subfield code="a">1. Aufl.</subfield></datafield><datafield tag="260" ind1="3" ind2=" "><subfield code="a">Köln</subfield><subfield code="b">Kiepenheuer &amp;38; Witsch</subfield><subfield code="c">2010</subfield></datafield><datafield tag="300" ind1=" " ind2=" "><subfield code="a">275 Seiten</subfield><subfield code="b">zahlr. Ill., Kt</subfield><subfield code="c">19 cm</subfield></datafield><datafield tag="490" ind1="0" ind2=" "><subfield code="a">KiWi </subfield><subfield code="v">1144</subfield></datafield><datafield tag="500" ind1=" " ind2=" "><subfield code="a">IMD-Felder maschinell generiert (GBV)</subfield></datafield><datafield tag="600" ind1="1" ind2="7"><subfield code="0">(DE-Frei129)00149388</subfield><subfield code="0">(DE-588)118603140</subfield><subfield code="a">Roth, Joseph</subfield><subfield code="2">gnd</subfield></datafield><datafield tag="650" ind1=" " ind2="7"><subfield code="a">Literarische Stätte</subfield><subfield code="0">(DE-Frei129)00015459</subfield><subfield code="0">(DE-588)4035947-5</subfield><subfield code="2">gnd</subfield></datafield><datafield tag="651" ind1=" " ind2="7"><subfield code="a">Berlin</subfield><subfield code="0">(DE-Frei129)00003318</subfield><subfield code="0">(DE-588)4005728-8</subfield><subfield code="2">gnd</subfield></datafield><datafield tag="689" ind1="0" ind2="0"><subfield code="0">(DE-588)118603140</subfield><subfield code="D">p</subfield><subfield code="a">Roth, Joseph </subfield></datafield><datafield tag="689" ind1="0" ind2="1"><subfield code="0">(DE-588)4005728-8</subfield><subfield code="D">g</subfield><subfield code="a">Berlin </subfield></datafield><datafield tag="689" ind1="0" ind2="2"><subfield code="0">(DE-588)4035947-5</subfield><subfield code="D">s</subfield><subfield code="a">Literarische Stätte</subfield><subfield code="5">DE-101</subfield></datafield><datafield tag="700" ind1="1" ind2=" "><subfield code="0">(DE-588)118603140</subfield><subfield code="0">(DE-Frei129)00149388</subfield><subfield code="a">Roth, Joseph</subfield><subfield code="4">aut</subfield></datafield><datafield tag="700" ind1="1" ind2=" "><subfield code="0">(DE-588)115691197</subfield><subfield code="0">(DE-Frei129)00985893</subfield><subfield code="a">Bienert, Michael</subfield><subfield code="4">oth</subfield></datafield><datafield tag="852" ind1=" " ind2=" "><subfield code="a">Frei 129</subfield><subfield code="b">PHFR</subfield><subfield code="c">GM 5228 B588</subfield></datafield><datafield tag="856" ind1="4" ind2=" "><subfield code="8">00</subfield><subfield code="u">http://deposit.d-nb.de/cgi-bin/dokserv?id=3303897&amp;prov=M&amp;dok_var=1&amp;dok_ext=htm</subfield><subfield code="y">Inhaltstext</subfield></datafield><datafield tag="856" ind1="4" ind2=" "><subfield code="8">01</subfield><subfield code="u">http://external.dandelon.com/download/attachments/dandelon/ids/DE004D8A59B8E218F1BD7C12577360066FB3B.pdf</subfield><subfield code="y">Inhaltsverzeichnis</subfield></datafield><datafield tag="856" ind1="4" ind2=" "><subfield code="8">02</subfield><subfield code="u">http://deposit.d-nb.de/cgi-bin/dokserv?id=3303897&amp;prov=M&amp;dok_var=1&amp;dok_ext=htm</subfield><subfield code="y">Inhaltstext</subfield></datafield><datafield tag="856" ind1="4" ind2=" "><subfield code="8">03</subfield><subfield code="u">https://external.dandelon.com/download/attachments/dandelon/ids/DE004D8A59B8E218F1BD7C12577360066FB3B.pdf</subfield><subfield code="y">Inhaltsverzeichnis</subfield></datafield><datafield tag="980" ind1="0" ind2=" "><subfield code="a">00452122</subfield><subfield code="9">(PHFR)</subfield><subfield code="b">2.OG (35)</subfield><subfield code="c">GM 5228 B588</subfield><subfield code="d">Standardleihe (01)</subfield><subfield code="e">Verfügbar (X)</subfield></datafield></record>
<record><leader>05360nam a2200000uu 4500</leader><controlfield tag="001">58042694</controlfield><controlfield tag="003">DE-Frei129</controlfield><controlfield tag="005">20220811084010.0</controlfield><controlfield tag="007">tu</controlfield><controlfield tag="008">080612s2010    ||||||||||||||||||||ger||</controlfield><datafield tag="016" ind1="7" ind2=" "><subfield code="a">988946211</subfield><subfield code="2">DE-101</subfield></datafield><datafield tag="020" ind1=" " ind2=" "><subfield code="a">9783292005045</subfield><subfield code="9">9783292005045</subfield><subfield code="c">kart.</subfield></datafield><datafield tag="035" ind1=" " ind2=" "><subfield code="a">(DE-576)568930053</subfield></datafield><datafield tag="041" ind1=" " ind2=" "><subfield code="a">ger</subfield></datafield><datafield tag="044" ind1=" " ind2=" "><subfield code="c">XA-CH</subfield></datafield><datafield tag="100" ind1="1" ind2=" "><subfield code="a">Lienert, Sonja</subfield><subfield code="0">(DE-Frei129)58008659</subfield></datafield><datafield tag="245" ind1="1" ind2="0"><subfield code="a">Bewegt und selbstsicher</subfield><subfield code="b">Psychomotorik und Bewegungsförderung in der Eingangsstufe ; Grundlagen und Unterrichtspraxis</subfield><subfield code="c">[Sonja Lienert; Judith Sägesser; Heidi Spiess]</subfield></datafield><datafield tag="250" ind1=" " ind2=" "><subfield code="a">1. Aufl.</subfield></datafield><datafield tag="260" ind1="3" ind2=" "><subfield code="a">Bern ; Buchs</subfield><subfield code="b">Schulverl. Plus</subfield><subfield code="c">2010</subfield></datafield><datafield tag="300" ind1=" " ind2=" "><subfield code="a">143 Seiten</subfield><subfield code="b">zahlr. Ill., graph. Darst</subfield><subfield code="c">30 cm</subfield><subfield code="e">1 CD-ROM (12 cm)</subfield></datafield><datafield tag="500" ind1=" " ind2=" "><subfield code="a">Literaturverz. S. 138 -141</subfield></datafield><datafield tag="500" ind1=" " ind2=" "><subfield code="a">IMD-Felder maschinell generiert (GBV)</subfield></datafield><datafield tag="650" ind1=" " ind2="7"><subfield code="a">Psychomotorik</subfield><subfield code="0">(DE-Frei129)00019820</subfield><subfield code="0">(DE-588)4047719-8</subfield><subfield code="2">gnd</subfield></datafield><datafield tag="650" ind1=" " ind2="7"><subfield code="a">Bewegungserziehung</subfield><subfield code="0">(DE-Frei129)00020639</subfield><subfield code="0">(DE-588)4069418-5</subfield><subfield code="2">gnd</subfield></datafield><datafield tag="650" ind1=" " ind2="7"><subfield code="a">Eingangsstufe</subfield><subfield code="0">(DE-Frei129)00028445</subfield><subfield code="0">(DE-588)4070695-3</subfield><subfield code="2">gnd</subfield></datafield><datafield tag="689" ind1="0" ind2="0"><subfield code="0">(DE-588)4047719-8</subfield><subfield code="D">s</subfield><subfield code="a">Psychomotorik </subfield></datafield><datafield tag="689" ind1="0" ind2="1"><subfield code="0">(DE-588)4069418-5</subfield><subfield code="D">s</subfield><subfield code="a">Bewegungserziehung </subfield></datafield><datafield tag="689" ind1="0" ind2="2"><subfield code="0">(DE-588)4070695-3</subfield><subfield code="D">s</subfield><subfield code="a">Eingangsstufe</subfield><subfield code="5">DE-101</subfield></datafield><datafield tag="700" ind1="1" ind2=" "><subfield code="0">(DE-Frei129)58008660</subfield><subfield code="a">Sägesser, Judith</subfield><subfield code="4">aut</subfield></datafield><datafield tag="700" ind1="1" ind2=" "><subfield code="0">(DE-Frei129)58008661</subfield><subfield code="a">Spiess, Heidi</subfield><subfield code="4">aut</subfield></datafield><datafield tag="852" ind1=" " ind2=" "><subfield code="a">Frei 129</subfield><subfield code="b">PHFR</subfield><subfield code="c">Spo B 190: 92</subfield></datafield><datafield tag="856" ind1="4" ind2=" "><subfield code="8">00</subfield><subfield code="u">http://external.dandelon.com/download/attachments/dandelon/ids/CH0023B50BA27AF11DA2FC1257D6D00363470.pdf</subfield><subfield code="y">Inhaltsverzeichnis</subfield></datafield><datafield tag="856" ind1="4" ind2=" "><subfield code="8">01</subfield><subfield code="u">https://external.dandelon.com/download/attachments/dandelon/ids/CH0023B50BA27AF11DA2FC1257D6D00363470.pdf</subfield><subfield code="y">Verlagsinformation</subfield></datafield><datafield tag="856" ind1="4" ind2=" "><subfield code="8">02</subfield><subfield code="u">http://deposit.d-nb.de/cgi-bin/dokserv?id=3117488&amp;prov=M&amp;dok_var=1&amp;dok_ext=htm</subfield><subfield code="y">Inhaltstext</subfield></datafield><datafield tag="856" ind1="4" ind2=" "><subfield code="8">03</subfield><subfield code="u">http://d-nb.info/988946211/04</subfield><subfield code="y">Verlagsinformation</subfield></datafield><datafield tag="856" ind1="4" ind2=" "><subfield code="8">04</subfield><subfield code="u">http://deposit.d-nb.de/cgi-bin/dokserv?id=3117488&amp;prov=M&amp;dok_var=1&amp;dok_ext=htm</subfield><subfield code="y">Verlagsinformation</subfield></datafield><datafield tag="980" ind1="0" ind2=" "><subfield code="a">00452118</subfield><subfield code="9">(PHFR)</subfield><subfield code="b">Handbibliothek (50)</subfield><subfield code="c">Spo B 190: 92</subfield><subfield code="d">Handbibliothek - nie verleihbar (54)</subfield><subfield code="e">Verfügbar (X)</subfield></datafield></record>
<record><leader>03732nam a2200000uu 4500</leader><controlfield tag="001">42072870</controlfield><controlfield tag="003">DE-Frei129</controlfield><controlfield tag="005">20220811084010.0</controlfield><controlfield tag="007">tu</controlfield><controlfield tag="008">120621s2010    ||||||||||||||||||||ger||</controlfield><datafield tag="020" ind1=" " ind2=" "><subfield code="a">9783425060972</subfield><subfield code="9">9783425060972</subfield><subfield code="c">kart. : EUR 10,50</subfield></datafield><datafield tag="035" ind1=" " ind2=" "><subfield code="a">(DE-576)1617456012</subfield></datafield><datafield tag="041" ind1=" " ind2=" "><subfield code="a">ger</subfield></datafield><datafield tag="245" ind1="1" ind2="0"><subfield code="a">Berthold Brecht, Die Dreigroschenoper</subfield><subfield code="b">Drama</subfield><subfield code="c">von Dieter Wöhrle</subfield></datafield><datafield tag="260" ind1="3" ind2=" "><subfield code="a">Frankfurt am Main</subfield><subfield code="b">Diesterweg / Salle</subfield><subfield code="c">2010</subfield></datafield><datafield tag="300" ind1=" " ind2=" "><subfield code="a">96 Seiten</subfield></datafield><datafield tag="490" ind1="0" ind2=" "><subfield code="a">Grundlagen und Gedanken</subfield></datafield><datafield tag="500" ind1=" " ind2=" "><subfield code="a">Hier auch später erschienene, unveränderte Nachdrucke</subfield></datafield><datafield tag="600" ind1="1" ind2="7"><subfield code="0">(DE-Frei129)58083900</subfield><subfield code="a">Brecht, Bertolt</subfield><subfield code="2">local</subfield></datafield><datafield tag="650" ind1=" " ind2="7"><subfield code="a">Die Dreigroschenoper</subfield><subfield code="0">(DE-Frei129)14323244</subfield><subfield code="2">local</subfield></datafield><datafield tag="650" ind1=" " ind2="7"><subfield code="a">Deutschunterricht</subfield><subfield code="0">(DE-Frei129)00005880</subfield><subfield code="0">(DE-588)4011975-0</subfield><subfield code="2">gnd</subfield></datafield><datafield tag="689" ind1="0" ind2="0"><subfield code="A">n</subfield><subfield code="a">Brecht, Bertolt </subfield></datafield><datafield tag="689" ind1="0" ind2="1"><subfield code="A">s</subfield><subfield code="a">Die Dreigroschenoper </subfield></datafield><datafield tag="689" ind1="0" ind2="2"><subfield code="0">(DE-588)4011975-0</subfield><subfield code="D">s</subfield><subfield code="a">Deutschunterricht</subfield><subfield code="5">DE-101</subfield></datafield><datafield tag="700" ind1="1" ind2=" "><subfield code="0">(DE-588)120959399</subfield><subfield code="0">(DE-Frei129)42009238</subfield><subfield code="a">Wöhrle, Dieter</subfield><subfield code="4">aut</subfield></datafield><datafield tag="700" ind1="1" ind2=" "><subfield code="0">(DE-Frei129)00007263</subfield><subfield code="a">Brecht, Bertolt</subfield><subfield code="4">oth</subfield></datafield><datafield tag="852" ind1=" " ind2=" "><subfield code="a">Frei 129</subfield><subfield code="b">PHFR</subfield><subfield code="c">GM 2660 D771</subfield></datafield><datafield tag="980" ind1="0" ind2=" "><subfield code="a">00447485</subfield><subfield code="9">(PHFR)</subfield><subfield code="b">2.OG (35)</subfield><subfield code="c">GM 2660 D771</subfield><subfield code="d">Standardleihe (01)</subfield><subfield code="e">Verfügbar (X)</subfield><subfield code="x">Nachdruck 2012</subfield></datafield><datafield tag="980" ind1="0" ind2=" "><subfield code="a">00467131</subfield><subfield code="9">(PHFR)</subfield><subfield code="b">2.OG (35)</subfield><subfield code="c">GM 2660 D771 +1</subfield><subfield code="d">Standardleihe (01)</subfield><subfield code="e">Verfügbar (X)</subfield><subfield code="x">Nachdruck 2012</subfield></datafield></record>
<record><leader>03299nam a2200000uu 4500</leader><controlfield tag="001">42072076</controlfield><controlfield tag="003">DE-Frei129</controlfield><controlfield tag="005">20220811084010.0</controlfield><controlfield tag="007">tu</controlfield><controlfield tag="008">100906s2010    ||||||||||||||||||||ger||</controlfield><datafield tag="015" ind1=" " ind2=" "><subfield code="a">10,A35</subfield></datafield><datafield tag="016" ind1="7" ind2=" "><subfield code="a">1002463890</subfield><subfield code="2">DE-101</subfield></datafield><datafield tag="020" ind1=" " ind2=" "><subfield code="a">9783480226177</subfield><subfield code="9">9783480226177</subfield><subfield code="c">kart. : EUR 9.95 (DE), EUR 10.30 (AT), sfr 17.50 (freier Pr.)</subfield></datafield><datafield tag="024" ind1="3" ind2=" "><subfield code="a">9783480226177</subfield></datafield><datafield tag="035" ind1=" " ind2=" "><subfield code="a">(DE-576)1605018546</subfield></datafield><datafield tag="041" ind1=" " ind2=" "><subfield code="a">ger</subfield></datafield><datafield tag="044" ind1=" " ind2=" "><subfield code="c">XA-DE-BW</subfield></datafield><datafield tag="245" ind1="1" ind2="0"><subfield code="a">Mein erstes Wimmelbuch - im Wald</subfield><subfield code="c">Christine Henkel</subfield></datafield><datafield tag="260" ind1="3" ind2=" "><subfield code="a">Esslingen</subfield><subfield code="b">Esslinger Verl. Schreiber</subfield><subfield code="c">2010</subfield></datafield><datafield tag="300" ind1=" " ind2=" "><subfield code="a">[16] Seiten</subfield><subfield code="b">überw. Ill.</subfield><subfield code="c">32 cm</subfield></datafield><datafield tag="500" ind1=" " ind2=" "><subfield code="a">Archivierung/Langzeitarchivierung gewährleistet</subfield></datafield><datafield tag="650" ind1=" " ind2="7"><subfield code="a">Wald</subfield><subfield code="0">(DE-Frei129)00002186</subfield><subfield code="0">(DE-588)4064354-2</subfield><subfield code="2">gnd</subfield></datafield><datafield tag="650" ind1=" " ind2="7"><subfield code="a">Suchbild</subfield><subfield code="0">(DE-Frei129)00089899</subfield><subfield code="0">(DE-588)4312143-3</subfield><subfield code="2">gnd</subfield></datafield><datafield tag="689" ind1="0" ind2="0"><subfield code="0">(DE-588)4064354-2</subfield><subfield code="D">s</subfield><subfield code="a">Wald </subfield></datafield><datafield tag="689" ind1="0" ind2="1"><subfield code="0">(DE-588)4312143-3</subfield><subfield code="D">s</subfield><subfield code="a">Suchbild</subfield><subfield code="5">DE-101</subfield></datafield><datafield tag="700" ind1="1" ind2=" "><subfield code="0">(DE-588)1020164883</subfield><subfield code="0">(DE-Frei129)31005081</subfield><subfield code="a">Henkel, Christine</subfield><subfield code="4">oth</subfield></datafield><datafield tag="852" ind1=" " ind2=" "><subfield code="a">Frei 129</subfield><subfield code="b">PHFR</subfield><subfield code="c">ED 5540 H513</subfield></datafield><datafield tag="980" ind1="0" ind2=" "><subfield code="a">00445501</subfield><subfield code="9">(PHFR)</subfield><subfield code="b">2.OG (35)</subfield><subfield code="c">ED 5540 H513</subfield><subfield code="d">Standardleihe (01)</subfield><subfield code="e">ausgeliehen (A) - Fälligkeitsdatum: 05.09.2022</subfield></datafield></record>
<record><leader>04002nam a2200000uu 4500</leader><controlfield tag="001">42071962</controlfield><controlfield tag="003">DE-Frei129</controlfield><controlfield tag="005">20220811084010.0</controlfield><controlfield tag="007">tu</controlfield><controlfield tag="008">101104s2010    ||||||||||||||||||||ger||</controlfield><datafield tag="015" ind1=" " ind2=" "><subfield code="a">10,A44</subfield></datafield><datafield tag="016" ind1="7" ind2=" "><subfield code="a">1007082682</subfield><subfield code="2">DE-101</subfield></datafield><datafield tag="020" ind1=" " ind2=" "><subfield code="a">9783867810159</subfield><subfield code="9">9783867810159</subfield><subfield code="c">kart. : EUR 19.90 (DE)</subfield></datafield><datafield tag="020" ind1=" " ind2=" "><subfield code="z">386781015X</subfield><subfield code="9">3-86781-015-X</subfield><subfield code="c">kart. : EUR 19.90 (DE)</subfield></datafield><datafield tag="024" ind1="3" ind2=" "><subfield code="a">9783867810159</subfield></datafield><datafield tag="035" ind1=" " ind2=" "><subfield code="a">(DE-576)1606246526</subfield></datafield><datafield tag="041" ind1=" " ind2=" "><subfield code="a">ger</subfield><subfield code="h">eng</subfield></datafield><datafield tag="044" ind1=" " ind2=" "><subfield code="c">XA-DE-BW</subfield></datafield><datafield tag="100" ind1="1" ind2=" "><subfield code="a">Kohn, Alfie</subfield><subfield code="0">(DE-Frei129)00183318</subfield><subfield code="0">(DE-588)170437078</subfield></datafield><datafield tag="245" ind1="1" ind2="0"><subfield code="a">Liebe und Eigenständigkeit</subfield><subfield code="b">die Kunst bedingungsloser Elternschaft, jenseits von Belohnung und Bestrafung</subfield><subfield code="c">Alfie Kohn. Aus dem amerikan. Engl. von Cordula Kolarik</subfield></datafield><datafield tag="246" ind1="1" ind2="3"><subfield code="a">Unconditional parenting</subfield></datafield><datafield tag="250" ind1=" " ind2=" "><subfield code="a">1. Aufl.</subfield></datafield><datafield tag="260" ind1="3" ind2=" "><subfield code="a">Freiburg im Breisgau</subfield><subfield code="b">Arbor-Verl.</subfield><subfield code="c">2010</subfield></datafield><datafield tag="300" ind1=" " ind2=" "><subfield code="a">298 Seiten</subfield><subfield code="c">22 cm</subfield></datafield><datafield tag="500" ind1=" " ind2=" "><subfield code="a">Literaturangaben</subfield></datafield><datafield tag="500" ind1=" " ind2=" "><subfield code="a">Hier auch später erschienene, unveränderte Nachdrucke</subfield></datafield><datafield tag="500" ind1=" " ind2=" "><subfield code="a">Archivierung/Langzeitarchivierung gewährleistet</subfield></datafield><datafield tag="650" ind1=" " ind2="7"><subfield code="a">Erziehung</subfield><subfield code="0">(DE-Frei129)00001468</subfield><subfield code="0">(DE-588)4015482-8</subfield><subfield code="2">gnd</subfield></datafield><datafield tag="689" ind1="0" ind2="0"><subfield code="0">(DE-588)4015482-8</subfield><subfield code="D">s</subfield><subfield code="a">Erziehung</subfield><subfield code="5">DE-101</subfield></datafield><datafield tag="852" ind1=" " ind2=" "><subfield code="a">Frei 129</subfield><subfield code="b">PHFR</subfield><subfield code="c">Paed G 290: 271</subfield></datafield><datafield tag="856" ind1="4" ind2=" "><subfield code="8">00</subfield><subfield code="u">http://d-nb.info/1007082682/04</subfield><subfield code="y">Inhaltsverzeichnis</subfield></datafield><datafield tag="856" ind1="4" ind2=" "><subfield code="8">01</subfield><subfield code="u">http://deposit.d-nb.de/cgi-bin/dokserv?id=3539586&amp;prov=M&amp;dok_var=1&amp;dok_ext=htm</subfield><subfield code="y">Verlagsinformation</subfield></datafield><datafield tag="980" ind1="0" ind2=" "><subfield code="a">00445047</subfield><subfield code="9">(PHFR)</subfield><subfield code="b">EG-Anbau (32)</subfield><subfield code="c">Paed G 290: 271</subfield><subfield code="d">Standardleihe (01)</subfield><subfield code="e">Verfügbar (X)</subfield></datafield></record>
<record><leader>03002nam a2200000uu 4500</leader><controlfield tag="001">42071788</controlfield><controlfield tag="003">DE-Frei129</controlfield><controlfield tag="005">20220811084010.0</controlfield><controlfield tag="007">tu</controlfield><controlfield tag="008">181009s2010    ||||||||||||||||||||lat||</controlfield><datafield tag="020" ind1=" " ind2=" "><subfield code="a">9781141423224</subfield><subfield code="9">9781141423224</subfield></datafield><datafield tag="035" ind1=" " ind2=" "><subfield code="a">(DE-576)1643014692</subfield></datafield><datafield tag="040" ind1=" " ind2=" "><subfield code="e">rda</subfield></datafield><datafield tag="041" ind1=" " ind2=" "><subfield code="a">lat</subfield><subfield code="a">ger</subfield></datafield><datafield tag="100" ind1="1" ind2=" "><subfield code="a">Melanchthon, Philipp</subfield><subfield code="0">(DE-Frei129)00071733</subfield><subfield code="0">(DE-588)118580485</subfield><subfield code="4">aut</subfield></datafield><datafield tag="245" ind1="1" ind2="0"><subfield code="a">Loci praecipui theologici</subfield><subfield code="c">per Philippum Melanthonem ; sumptibus Gust. Schlawitz</subfield></datafield><datafield tag="250" ind1=" " ind2=" "><subfield code="a">Editionem Lipsiensem a. MDLIX</subfield></datafield><datafield tag="264" ind1=" " ind2="4"><subfield code="a">Berlin</subfield><subfield code="b">Verlagsbuchhandlung</subfield><subfield code="c">2010 [Reprint] = 1856</subfield></datafield><datafield tag="300" ind1=" " ind2=" "><subfield code="a">209 Seiten</subfield></datafield><datafield tag="336" ind1=" " ind2=" "><subfield code="a">text</subfield><subfield code="b">txt</subfield><subfield code="2">rdacontent</subfield></datafield><datafield tag="337" ind1=" " ind2=" "><subfield code="a">unmediated</subfield><subfield code="b">n</subfield><subfield code="2">rdamedia</subfield></datafield><datafield tag="338" ind1=" " ind2=" "><subfield code="a">volume</subfield><subfield code="b">nc</subfield><subfield code="2">rdacarrier</subfield></datafield><datafield tag="500" ind1=" " ind2=" "><subfield code="a">Aus dem Vorwort: &quot;Es wird mit derselben in sauberer Ausstattung ein wortgetreuer correcter Abdruck der 1559 zu Leipzig erschienenen Ausgabe letzter Hand geboten,...&quot;</subfield></datafield><datafield tag="700" ind1="1" ind2=" "><subfield code="0">(DE-588)136969402</subfield><subfield code="0">(DE-Frei129)01540597</subfield><subfield code="a">Schlawitz, Gustav</subfield><subfield code="4">Hrsg.</subfield></datafield><datafield tag="852" ind1=" " ind2=" "><subfield code="a">Frei 129</subfield><subfield code="b">PHFR</subfield><subfield code="c">BO 5410 M517</subfield></datafield><datafield tag="980" ind1="0" ind2=" "><subfield code="a">00444332</subfield><subfield code="9">(PHFR)</subfield><subfield code="b">UG (33)</subfield><subfield code="c">Theo H Mel 1: 26</subfield><subfield code="d">Standardleihe (01)</subfield><subfield code="e">Verfügbar (X)</subfield></datafield></record>
<record><leader>02076nam a2200000uuc4500</leader><controlfield tag="001">42070101</controlfield><controlfield tag="003">DE-Frei129</controlfield><controlfield tag="005">20220811084010.0</controlfield><controlfield tag="007">tu</controlfield><controlfield tag="008">100723s2010    ||||||||||||||||||||ger||</controlfield><datafield tag="020" ind1=" " ind2=" "><subfield code="a">9783124089205</subfield><subfield code="9">9783124089205</subfield></datafield><datafield tag="024" ind1="3" ind2=" "><subfield code="a">9783124089205</subfield></datafield><datafield tag="035" ind1=" " ind2=" "><subfield code="a">(DE-576)1396640819</subfield></datafield><datafield tag="041" ind1=" " ind2=" "><subfield code="a">ger</subfield></datafield><datafield tag="245" ind1="1" ind2="0"><subfield code="a">Projekt G</subfield><subfield code="b">Gesellschaftslehre</subfield><subfield code="n">2</subfield><subfield code="c">Christian Augustin ...</subfield></datafield><datafield tag="250" ind1=" " ind2=" "><subfield code="a">1. Aufl.</subfield></datafield><datafield tag="260" ind1="3" ind2=" "><subfield code="a">Stuttgart ; Leipzig</subfield><subfield code="b">Klett</subfield><subfield code="c">2010</subfield></datafield><datafield tag="300" ind1=" " ind2=" "><subfield code="a">320 Seiten</subfield></datafield><datafield tag="500" ind1=" " ind2=" "><subfield code="a">Archivierung/Langzeitarchivierung gewährleistet</subfield></datafield><datafield tag="773" ind1="0" ind2="8"><subfield code="w">(DE-Frei129)42070011</subfield><subfield code="q">12</subfield></datafield><datafield tag="852" ind1=" " ind2=" "><subfield code="a">Frei 129</subfield><subfield code="b">PHFR</subfield><subfield code="c">MB 2552 II A923 -2</subfield></datafield><datafield tag="980" ind1="0" ind2=" "><subfield code="a">00437190</subfield><subfield code="9">(PHFR)</subfield><subfield code="b">Handbibliothek (50)</subfield><subfield code="c">Pol L 100: 100,2</subfield><subfield code="d">Handbibliothek - nie verleihbar (54)</subfield><subfield code="e">Verfügbar (X)</subfield></datafield></record>
<record><leader>05355nam a2200000uu 4500</leader><controlfield tag="001">42068798</controlfield><controlfield tag="003">DE-Frei129</controlfield><controlfield tag="005">20220811084010.0</controlfield><controlfield tag="007">tu</controlfield><controlfield tag="008">100422s2010    ||||||||||||||||||||ger||</controlfield><datafield tag="015" ind1=" " ind2=" "><subfield code="a">10,A22</subfield></datafield><datafield tag="016" ind1="7" ind2=" "><subfield code="a">1001545303</subfield><subfield code="2">DE-101</subfield></datafield><datafield tag="020" ind1=" " ind2=" "><subfield code="a">9783473524303</subfield><subfield code="9">9783473524303</subfield><subfield code="c">kart. : EUR 4.95 (DE), EUR 5.10 (AT), sfr 9.50 (freier Pr.)</subfield></datafield><datafield tag="024" ind1="3" ind2=" "><subfield code="a">9783473524303</subfield></datafield><datafield tag="035" ind1=" " ind2=" "><subfield code="a">(DE-576)62446055X</subfield></datafield><datafield tag="041" ind1=" " ind2=" "><subfield code="a">ger</subfield></datafield><datafield tag="044" ind1=" " ind2=" "><subfield code="c">XA-DE-BW</subfield></datafield><datafield tag="100" ind1="1" ind2=" "><subfield code="a">Färber, Werner</subfield><subfield code="0">(DE-Frei129)58115462</subfield><subfield code="0">(DE-588)115649425</subfield></datafield><datafield tag="245" ind1="1" ind2="0"><subfield code="a">Wenn ich will, hör ich auf</subfield><subfield code="c">Werner Färber</subfield></datafield><datafield tag="250" ind1=" " ind2=" "><subfield code="a">Orig.-Ausg.</subfield></datafield><datafield tag="260" ind1="3" ind2=" "><subfield code="a">[Ravensburg]</subfield><subfield code="b">Ravensburger Buchverl. Maier</subfield><subfield code="c">2010</subfield></datafield><datafield tag="300" ind1=" " ind2=" "><subfield code="a">127 Seiten</subfield><subfield code="c">18 cm</subfield></datafield><datafield tag="490" ind1="0" ind2=" "><subfield code="a">Ravensburger Taschenbuch </subfield><subfield code="v">Bd. 52430</subfield></datafield><datafield tag="490" ind1="0" ind2=" "><subfield code="a">Short &amp; easy</subfield></datafield><datafield tag="500" ind1=" " ind2=" "><subfield code="a">IMD-Felder maschinell generiert (GBV)</subfield></datafield><datafield tag="500" ind1=" " ind2=" "><subfield code="a">Archivierung/Langzeitarchivierung gewährleistet</subfield></datafield><datafield tag="650" ind1=" " ind2="7"><subfield code="a">Männliche Jugend</subfield><subfield code="0">(DE-Frei129)00084382</subfield><subfield code="0">(DE-588)4290802-4</subfield><subfield code="2">gnd</subfield></datafield><datafield tag="650" ind1=" " ind2="7"><subfield code="a">Drogenabhängigkeit</subfield><subfield code="0">(DE-Frei129)00001969</subfield><subfield code="0">(DE-588)4138597-4</subfield><subfield code="2">gnd</subfield></datafield><datafield tag="650" ind1=" " ind2="7"><subfield code="a">Bewältigung</subfield><subfield code="0">(DE-Frei129)00024705</subfield><subfield code="0">(DE-588)4195461-0</subfield><subfield code="2">gnd</subfield></datafield><datafield tag="650" ind1=" " ind2="7"><subfield code="a">Freund</subfield><subfield code="0">(DE-Frei129)00008735</subfield><subfield code="0">(DE-588)4345692-3</subfield><subfield code="2">gnd</subfield></datafield><datafield tag="650" ind1=" " ind2="7"><subfield code="a">Unterstützung</subfield><subfield code="0">(DE-Frei129)00039301</subfield><subfield code="0">(DE-588)4203086-9</subfield><subfield code="2">gnd</subfield></datafield><datafield tag="689" ind1="0" ind2="0"><subfield code="0">(DE-588)4290802-4</subfield><subfield code="D">s</subfield><subfield code="a">Männliche Jugend </subfield></datafield><datafield tag="689" ind1="0" ind2="1"><subfield code="0">(DE-588)4138597-4</subfield><subfield code="D">s</subfield><subfield code="a">Drogenabhängigkeit </subfield></datafield><datafield tag="689" ind1="0" ind2="2"><subfield code="0">(DE-588)4195461-0</subfield><subfield code="D">s</subfield><subfield code="a">Bewältigung </subfield></datafield><datafield tag="689" ind1="0" ind2="3"><subfield code="0">(DE-588)4345692-3</subfield><subfield code="D">s</subfield><subfield code="a">Freund </subfield></datafield><datafield tag="689" ind1="0" ind2="4"><subfield code="0">(DE-588)4203086-9</subfield><subfield code="D">s</subfield><subfield code="a">Unterstützung</subfield><subfield code="5">DE-101</subfield></datafield><datafield tag="852" ind1=" " ind2=" "><subfield code="a">Frei 129</subfield><subfield code="b">PHFR</subfield><subfield code="c">GE 6918 F148</subfield></datafield><datafield tag="856" ind1="4" ind2=" "><subfield code="8">00</subfield><subfield code="u">http://deposit.d-nb.de/cgi-bin/dokserv?id=3453897&amp;prov=M&amp;dok_var=1&amp;dok_ext=htm</subfield><subfield code="y">Inhaltstext</subfield></datafield><datafield tag="856" ind1="4" ind2=" "><subfield code="8">01</subfield><subfield code="u">http://deposit.d-nb.de/cgi-bin/dokserv?id=3453897&amp;prov=M&amp;dok_var=1&amp;dok_ext=htm</subfield><subfield code="y">Verlagsinformation</subfield></datafield><datafield tag="980" ind1="0" ind2=" "><subfield code="a">00433042</subfield><subfield code="9">(PHFR)</subfield><subfield code="b">2.OG (35)</subfield><subfield code="c">GE 6918 F148</subfield><subfield code="d">Standardleihe (01)</subfield><subfield code="e">Verfügbar (X)</subfield></datafield></record>
<record><leader>02881nam a2200000uu 4500</leader><controlfield tag="001">42067759</controlfield><controlfield tag="003">DE-Frei129</controlfield><controlfield tag="005">20220811084010.0</controlfield><controlfield tag="007">tu</controlfield><controlfield tag="008">100930s2010    ||||||||||||||||||||ger||</controlfield><datafield tag="020" ind1=" " ind2=" "><subfield code="a">9783898995856</subfield><subfield code="9">9783898995856</subfield></datafield><datafield tag="035" ind1=" " ind2=" "><subfield code="a">(DE-576)1605420344</subfield></datafield><datafield tag="041" ind1=" " ind2=" "><subfield code="a">ger</subfield></datafield><datafield tag="044" ind1=" " ind2=" "><subfield code="c">XA-DE-NW</subfield></datafield><datafield tag="245" ind1="1" ind2="0"><subfield code="a">Ich trainiere Badminton [Trainiere deine Technik. Verbessere Ausdauer, Kraft und Schnelligkeit. Interview mit Juliane Schenk]</subfield><subfield code="c">Katrin Barth; Heinz Kelzenberg</subfield></datafield><datafield tag="250" ind1=" " ind2=" "><subfield code="a">1. Aufl.</subfield></datafield><datafield tag="260" ind1="3" ind2=" "><subfield code="a">Aachen</subfield><subfield code="b">Meyer &amp;38; Meyer</subfield><subfield code="c">2010</subfield></datafield><datafield tag="300" ind1=" " ind2=" "><subfield code="a">152 Seiten</subfield><subfield code="b">Ill.</subfield><subfield code="c">240 mm x 165 mm</subfield></datafield><datafield tag="490" ind1="0" ind2=" "><subfield code="a">Ich lerne, ich trainiere...</subfield></datafield><datafield tag="650" ind1=" " ind2="7"><subfield code="a">Badminton</subfield><subfield code="0">(DE-Frei129)00002611</subfield><subfield code="0">(DE-588)4004191-8</subfield><subfield code="2">gnd</subfield></datafield><datafield tag="689" ind1="0" ind2="0"><subfield code="0">(DE-588)4004191-8</subfield><subfield code="D">s</subfield><subfield code="a">Badminton</subfield><subfield code="5">DE-101</subfield></datafield><datafield tag="700" ind1="1" ind2=" "><subfield code="0">(DE-588)122855817</subfield><subfield code="0">(DE-Frei129)00135507</subfield><subfield code="a">Barth, Katrin</subfield><subfield code="4">aut</subfield></datafield><datafield tag="700" ind1="1" ind2=" "><subfield code="0">(DE-588)133550168</subfield><subfield code="0">(DE-Frei129)00529055</subfield><subfield code="a">Kelzenberg, Heinz</subfield><subfield code="4">aut</subfield></datafield><datafield tag="852" ind1=" " ind2=" "><subfield code="a">Frei 129</subfield><subfield code="b">PHFR</subfield><subfield code="c">Spo C 300: 63</subfield></datafield><datafield tag="980" ind1="0" ind2=" "><subfield code="a">00429117</subfield><subfield code="9">(PHFR)</subfield><subfield code="b">UG (33)</subfield><subfield code="c">Spo C 300: 63</subfield><subfield code="d">Standardleihe (01)</subfield><subfield code="e">Verfügbar (X)</subfield></datafield></record>
<record><leader>02310nam a2200000uuc4500</leader><controlfield tag="001">42067192</controlfield><controlfield tag="003">DE-Frei129</controlfield><controlfield tag="005">20220811084010.0</controlfield><controlfield tag="007">tu</controlfield><controlfield tag="008">100323s2010    ||||||||||||||||||||ger||</controlfield><datafield tag="020" ind1=" " ind2=" "><subfield code="a">9783123004551</subfield><subfield code="9">9783123004551</subfield></datafield><datafield tag="024" ind1="3" ind2=" "><subfield code="a">9783123004551</subfield></datafield><datafield tag="035" ind1=" " ind2=" "><subfield code="a">(DE-576)1391090349</subfield></datafield><datafield tag="041" ind1=" " ind2=" "><subfield code="a">ger</subfield></datafield><datafield tag="245" ind1="1" ind2="0"><subfield code="a">Oskar</subfield><subfield code="b">[Fibel]</subfield><subfield code="n">1, [Arbeitsheft]</subfield><subfield code="p">Selbstkontrolle zu den Arbeitsblättern</subfield><subfield code="c">hrsg. von Cordula Löffler ... Erarb. von Andrea Feld ...</subfield></datafield><datafield tag="250" ind1=" " ind2=" "><subfield code="a">1. Aufl.</subfield></datafield><datafield tag="260" ind1="3" ind2=" "><subfield code="a">Stuttgart ; Leipzig</subfield><subfield code="b">Klett</subfield><subfield code="c">2010</subfield></datafield><datafield tag="300" ind1=" " ind2=" "><subfield code="a">80 Seiten</subfield></datafield><datafield tag="500" ind1=" " ind2=" "><subfield code="a">Zählung aus Klett-Online 2010/03</subfield></datafield><datafield tag="500" ind1=" " ind2=" "><subfield code="a">Archivierung/Langzeitarchivierung gewährleistet</subfield></datafield><datafield tag="773" ind1="0" ind2="8"><subfield code="w">(DE-Frei129)01056681</subfield><subfield code="q">11ARBEKONTR1142010</subfield></datafield><datafield tag="852" ind1=" " ind2=" "><subfield code="a">Frei 129</subfield><subfield code="b">PHFR</subfield><subfield code="c">GB 3000 I O82 A1</subfield></datafield><datafield tag="980" ind1="0" ind2=" "><subfield code="a">00427108</subfield><subfield code="9">(PHFR)</subfield><subfield code="b">Handbibliothek (50)</subfield><subfield code="c">Deu O 100: 205 AS,1</subfield><subfield code="d">Handbibliothek - nie verleihbar (54)</subfield><subfield code="e">Verfügbar (X)</subfield></datafield></record>
<record><leader>02137nam a2200000uuc4500</leader><controlfield tag="001">42067172</controlfield><controlfield tag="003">DE-Frei129</controlfield><controlfield tag="005">20220811084010.0</controlfield><controlfield tag="007">tu</controlfield><controlfield tag="008">100719s2010    ||||||||||||||||||||ger||</controlfield><datafield tag="020" ind1=" " ind2=" "><subfield code="a">9783120065487</subfield><subfield code="9">9783120065487</subfield></datafield><datafield tag="024" ind1="3" ind2=" "><subfield code="a">9783120065487</subfield></datafield><datafield tag="035" ind1=" " ind2=" "><subfield code="a">(DE-576)1396355715</subfield></datafield><datafield tag="041" ind1=" " ind2=" "><subfield code="a">ger</subfield></datafield><datafield tag="245" ind1="1" ind2="0"><subfield code="a">Die Auer-Fibel</subfield><subfield code="n">Druckschriftlehrgang</subfield><subfield code="p">Druckschriftlehrgang</subfield><subfield code="c">erarb. von Kerstin Berktold ...</subfield></datafield><datafield tag="250" ind1=" " ind2=" "><subfield code="a">Baden-Württemberg, 1. Aufl.</subfield></datafield><datafield tag="260" ind1="3" ind2=" "><subfield code="a">Stuttgart ; Leipzig</subfield><subfield code="b">Klett</subfield><subfield code="c">2010</subfield></datafield><datafield tag="300" ind1=" " ind2=" "><subfield code="a">71 Seiten</subfield></datafield><datafield tag="500" ind1=" " ind2=" "><subfield code="a">Archivierung/Langzeitarchivierung gewährleistet</subfield></datafield><datafield tag="773" ind1="0" ind2="8"><subfield code="w">(DE-Frei129)01400769</subfield><subfield code="q">DRUCK42010</subfield></datafield><datafield tag="852" ind1=" " ind2=" "><subfield code="a">Frei 129</subfield><subfield code="b">PHFR</subfield><subfield code="c">GB 3000 I A257 Z1</subfield></datafield><datafield tag="980" ind1="0" ind2=" "><subfield code="a">00427007</subfield><subfield code="9">(PHFR)</subfield><subfield code="b">Handbibliothek (50)</subfield><subfield code="c">Deu O 100: 201 D</subfield><subfield code="d">Handbibliothek - nie verleihbar (54)</subfield><subfield code="e">Verfügbar (X)</subfield></datafield></record>
<record><leader>04598nam a2200000uu 4500</leader><controlfield tag="001">42067069</controlfield><controlfield tag="003">DE-Frei129</controlfield><controlfield tag="005">20220811084010.0</controlfield><controlfield tag="007">tu</controlfield><controlfield tag="008">100113s2010    ||||||||||||||||||||ger||</controlfield><datafield tag="015" ind1=" " ind2=" "><subfield code="a">10,A05</subfield></datafield><datafield tag="016" ind1="7" ind2=" "><subfield code="a">998983888</subfield><subfield code="2">DE-101</subfield></datafield><datafield tag="020" ind1=" " ind2=" "><subfield code="a">9783789131752</subfield><subfield code="9">9783789131752</subfield><subfield code="c">: EUR 12.00</subfield></datafield><datafield tag="024" ind1="3" ind2=" "><subfield code="a">9783789131752</subfield></datafield><datafield tag="035" ind1=" " ind2=" "><subfield code="a">(DE-576)616397437</subfield></datafield><datafield tag="041" ind1=" " ind2=" "><subfield code="a">ger</subfield></datafield><datafield tag="044" ind1=" " ind2=" "><subfield code="c">XA-DE-HH</subfield></datafield><datafield tag="100" ind1="1" ind2=" "><subfield code="a">Boie, Kirsten</subfield><subfield code="0">(DE-Frei129)00085677</subfield><subfield code="0">(DE-588)119501252</subfield></datafield><datafield tag="245" ind1="1" ind2="0"><subfield code="a">Paule ist ein Glücksgriff</subfield><subfield code="c">Kirsten Boie. Zeichn. von Silke Brix</subfield></datafield><datafield tag="260" ind1="3" ind2=" "><subfield code="a">Hamburg</subfield><subfield code="b">Oetinger</subfield><subfield code="c">2010</subfield></datafield><datafield tag="300" ind1=" " ind2=" "><subfield code="a">127 Seiten</subfield><subfield code="b">zahlr. Ill.</subfield><subfield code="c">210 mm x 158 mm</subfield></datafield><datafield tag="500" ind1=" " ind2=" "><subfield code="a">Hier auch später erschienene, unveränderte Nachdrucke</subfield></datafield><datafield tag="500" ind1=" " ind2=" "><subfield code="a">IMD-Felder maschinell generiert (GBV)</subfield></datafield><datafield tag="650" ind1=" " ind2="7"><subfield code="a">Junge</subfield><subfield code="0">(DE-Frei129)00012822</subfield><subfield code="0">(DE-588)4029002-5</subfield><subfield code="2">gnd</subfield></datafield><datafield tag="650" ind1=" " ind2="7"><subfield code="a">Adoptivkind</subfield><subfield code="0">(DE-Frei129)00046192</subfield><subfield code="0">(DE-588)4131246-6</subfield><subfield code="2">gnd</subfield></datafield><datafield tag="689" ind1="0" ind2="0"><subfield code="0">(DE-588)4029002-5</subfield><subfield code="D">s</subfield><subfield code="a">Junge </subfield></datafield><datafield tag="689" ind1="0" ind2="1"><subfield code="0">(DE-588)4131246-6</subfield><subfield code="D">s</subfield><subfield code="a">Adoptivkind</subfield><subfield code="5">DE-101</subfield></datafield><datafield tag="700" ind1="1" ind2=" "><subfield code="0">(DE-588)115631917</subfield><subfield code="0">(DE-Frei129)00469627</subfield><subfield code="a">Brix, Silke</subfield><subfield code="4">oth</subfield></datafield><datafield tag="776" ind1="0" ind2="8"><subfield code="a">Kirsten Boie. Zeichn. von Silke Brix</subfield><subfield code="i">Erscheint auch als Online-Ausgabe</subfield><subfield code="t">Paule ist ein Glücksgriff</subfield><subfield code="w">(DE-Frei129)58740188</subfield><subfield code="w">(DE-576)789819694</subfield></datafield><datafield tag="852" ind1=" " ind2=" "><subfield code="a">Frei 129</subfield><subfield code="b">PHFR</subfield><subfield code="c">GE 6919 B678 P3</subfield></datafield><datafield tag="856" ind1="4" ind2=" "><subfield code="8">00</subfield><subfield code="u">http://deposit.d-nb.de/cgi-bin/dokserv?id=3398852&amp;prov=M&amp;dok_var=1&amp;dok_ext=htm</subfield><subfield code="y">Inhaltstext</subfield></datafield><datafield tag="856" ind1="4" ind2=" "><subfield code="8">01</subfield><subfield code="u">http://deposit.d-nb.de/cgi-bin/dokserv?id=3398852&amp;prov=M&amp;dok_var=1&amp;dok_ext=htm</subfield><subfield code="y">Verlagsinformation</subfield></datafield><datafield tag="856" ind1="4" ind2=" "><subfield code="8">02</subfield><subfield code="u">https://www.oetinger.de/buch/paule-ist-ein-gluecksgriff/9783789131752</subfield><subfield code="y">Verlagsinformation</subfield></datafield><datafield tag="980" ind1="0" ind2=" "><subfield code="a">00426566</subfield><subfield code="9">(PHFR)</subfield><subfield code="b">2.OG (35)</subfield><subfield code="c">GE 6919 B678 P3</subfield><subfield code="d">Standardleihe (01)</subfield><subfield code="e">Verfügbar (X)</subfield></datafield></record>
<record><leader>06597nam a2200000uu 4500</leader><controlfield tag="001">42066939</controlfield><controlfield tag="003">DE-Frei129</controlfield><controlfield tag="005">20220811084010.0</controlfield><controlfield tag="007">tu</controlfield><controlfield tag="008">090513s2010    ||||||||||||||||||||eng||</controlfield><datafield tag="020" ind1=" " ind2=" "><subfield code="a">0415968194</subfield><subfield code="9">0415968194</subfield><subfield code="c">hardback : alk. paper</subfield></datafield><datafield tag="020" ind1=" " ind2=" "><subfield code="a">0415968208</subfield><subfield code="9">0415968208</subfield><subfield code="c">pbk. : alk. paper</subfield></datafield><datafield tag="020" ind1=" " ind2=" "><subfield code="a">9780415968195</subfield><subfield code="9">9780415968195</subfield><subfield code="c">: hardback : alk. paper</subfield></datafield><datafield tag="020" ind1=" " ind2=" "><subfield code="a">9780415968201</subfield><subfield code="9">9780415968201</subfield><subfield code="c">: pbk. : alk. paper</subfield></datafield><datafield tag="024" ind1="3" ind2=" "><subfield code="a">9780415968201</subfield></datafield><datafield tag="035" ind1=" " ind2=" "><subfield code="a">(DE-576)599668504</subfield></datafield><datafield tag="040" ind1=" " ind2=" "><subfield code="e">rda</subfield></datafield><datafield tag="041" ind1=" " ind2=" "><subfield code="a">eng</subfield></datafield><datafield tag="044" ind1=" " ind2=" "><subfield code="c">XD-US</subfield><subfield code="c">XA-GB</subfield></datafield><datafield tag="100" ind1="1" ind2=" "><subfield code="a">hooks, bell</subfield><subfield code="0">(DE-Frei129)01029014</subfield><subfield code="0">(DE-588)11933447X</subfield></datafield><datafield tag="245" ind1="1" ind2="0"><subfield code="a">Teaching critical thinking</subfield><subfield code="b">practical wisdom</subfield><subfield code="c">Bell Hooks</subfield></datafield><datafield tag="264" ind1=" " ind2="4"><subfield code="a">New York ; London</subfield><subfield code="b">Routledge, Taylor &amp; Francis Group</subfield><subfield code="c">2010</subfield></datafield><datafield tag="300" ind1=" " ind2=" "><subfield code="a">x, 191 Seiten</subfield><subfield code="c">24 cm</subfield></datafield><datafield tag="336" ind1=" " ind2=" "><subfield code="a">text</subfield><subfield code="b">txt</subfield><subfield code="2">rdacontent</subfield></datafield><datafield tag="337" ind1=" " ind2=" "><subfield code="a">unmediated</subfield><subfield code="b">n</subfield><subfield code="2">rdamedia</subfield></datafield><datafield tag="338" ind1=" " ind2=" "><subfield code="a">volume</subfield><subfield code="b">nc</subfield><subfield code="2">rdacarrier</subfield></datafield><datafield tag="490" ind1="0" ind2=" "><subfield code="a">Bell hooks the teaching trilogy</subfield></datafield><datafield tag="500" ind1=" " ind2=" "><subfield code="a">Archivierung prüfen</subfield></datafield><datafield tag="650" ind1=" " ind2="7"><subfield code="a">Democracy</subfield><subfield code="0">(DE-Frei129)00237196</subfield><subfield code="2">local</subfield></datafield><datafield tag="650" ind1=" " ind2="7"><subfield code="a">Kritisches Denken</subfield><subfield code="0">(DE-Frei129)00078426</subfield><subfield code="0">(DE-588)4231288-7</subfield><subfield code="2">gnd</subfield></datafield><datafield tag="650" ind1=" " ind2="7"><subfield code="a">Pädagogik</subfield><subfield code="0">(DE-Frei129)00007310</subfield><subfield code="0">(DE-588)4044302-4</subfield><subfield code="2">gnd</subfield></datafield><datafield tag="650" ind1=" " ind2="7"><subfield code="a">Unterrichtspsychologie</subfield><subfield code="0">(DE-Frei129)00069572</subfield><subfield code="0">(DE-588)4187083-9</subfield><subfield code="2">gnd</subfield></datafield><datafield tag="650" ind1=" " ind2="7"><subfield code="a">Teaching</subfield><subfield code="0">(DE-Frei129)00241079</subfield><subfield code="2">local</subfield></datafield><datafield tag="650" ind1=" " ind2="7"><subfield code="a">Critical thinking</subfield><subfield code="0">(DE-Frei129)00245702</subfield><subfield code="2">local</subfield></datafield><datafield tag="689" ind1="0" ind2="0"><subfield code="A">s</subfield><subfield code="a">Democracy</subfield><subfield code="5">DE-101</subfield></datafield><datafield tag="689" ind1="1" ind2="0"><subfield code="0">(DE-588)4231288-7</subfield><subfield code="D">s</subfield><subfield code="a">Kritisches Denken </subfield></datafield><datafield tag="689" ind1="1" ind2="1"><subfield code="0">(DE-588)4044302-4</subfield><subfield code="D">s</subfield><subfield code="a">Pädagogik</subfield><subfield code="5">DE-101</subfield></datafield><datafield tag="689" ind1="2" ind2="0"><subfield code="0">(DE-588)4231288-7</subfield><subfield code="D">s</subfield><subfield code="a">Kritisches Denken </subfield></datafield><datafield tag="689" ind1="2" ind2="1"><subfield code="0">(DE-588)4044302-4</subfield><subfield code="D">s</subfield><subfield code="a">Pädagogik </subfield></datafield><datafield tag="689" ind1="2" ind2="2"><subfield code="0">(DE-588)4187083-9</subfield><subfield code="D">s</subfield><subfield code="a">Unterrichtspsychologie</subfield><subfield code="5">DE-101</subfield></datafield><datafield tag="689" ind1="3" ind2="0"><subfield code="A">s</subfield><subfield code="a">Teaching</subfield><subfield code="5">DE-101</subfield></datafield><datafield tag="689" ind1="4" ind2="0"><subfield code="A">s</subfield><subfield code="a">Critical thinking</subfield><subfield code="5">DE-101</subfield></datafield><datafield tag="852" ind1=" " ind2=" "><subfield code="a">Frei 129</subfield><subfield code="b">PHFR</subfield><subfield code="c">Paed A 480: 121</subfield></datafield><datafield tag="856" ind1="4" ind2=" "><subfield code="8">00</subfield><subfield code="u">http://www.gbv.de/dms/bowker/toc/9780203869192.pdf</subfield><subfield code="y">Inhaltsverzeichnis</subfield></datafield><datafield tag="980" ind1="0" ind2=" "><subfield code="a">00426086</subfield><subfield code="9">(PHFR)</subfield><subfield code="b">Handbibliothek (50)</subfield><subfield code="c">Paed A 480: 121</subfield><subfield code="d">Handbibliothek - nie verleihbar (54)</subfield><subfield code="e">Verfügbar (X)</subfield></datafield><datafield tag="980" ind1="0" ind2=" "><subfield code="a">00466752</subfield><subfield code="9">(PHFR)</subfield><subfield code="b">EG-Anbau (32)</subfield><subfield code="c">Paed A 480: 121</subfield><subfield code="d">Standardleihe (01)</subfield><subfield code="e">Verfügbar (X)</subfield></datafield></record>